Address of main module: 0x9b0000
===============================================
^addr:0xa2a63e,size:2,opcodes:8b 0f 
*regs:0x3af650|0x25e99|0xa441bd|0xffb54007|0x3af5f0|0xa2a63e|0xa0586d|0x3af6ac|0x206|
*mem_addr:0x3af6ac,mem_val:0xa441bd,mem_size:4
^addr:0xa2a640,size:6,opcodes:81 c7 04 00 00 00 
*regs:0x3af650|0xa441bd|0xa441bd|0xffb54007|0x3af5f0|0xa2a63e|0xa0586d|0x3af6ac|0x206|
^addr:0xa2a646,size:2,opcodes:8b e9 
*regs:0x3af650|0xa441bd|0xa441bd|0xffb54007|0x3af5f0|0xa2a63e|0xa0586d|0x3af6b0|0x212|
^addr:0xa2a648,size:5,opcodes:e9 2c 37 fb ff 
*regs:0x3af650|0xa441bd|0xa441bd|0xffb54007|0x3af5f0|0xa441bd|0xa0586d|0x3af6b0|0x212|
^addr:0x9ddd79,size:2,opcodes:8b f7 
*regs:0x3af650|0xa441bd|0xa441bd|0xffb54007|0x3af5f0|0xa441bd|0xa0586d|0x3af6b0|0x212|
^addr:0x9ddd7b,size:5,opcodes:e9 49 3f 03 00 
*regs:0x3af650|0xa441bd|0xa441bd|0xffb54007|0x3af5f0|0xa441bd|0x3af6b0|0x3af6b0|0x212|
^addr:0xa11cc9,size:5,opcodes:e9 eb 1a fd ff 
*regs:0x3af650|0xa441bd|0xa441bd|0xffb54007|0x3af5f0|0xa441bd|0x3af6b0|0x3af6b0|0x212|
^addr:0x9e37b9,size:2,opcodes:8b dd 
*regs:0x3af650|0xa441bd|0xa441bd|0xffb54007|0x3af5f0|0xa441bd|0x3af6b0|0x3af6b0|0x212|
^addr:0x9e37bb,size:2,opcodes:b2 95 
*regs:0x3af650|0xa441bd|0xa441bd|0xa441bd|0x3af5f0|0xa441bd|0x3af6b0|0x3af6b0|0x212|
^addr:0x9e37bd,size:3,opcodes:66 1b d3 
*regs:0x3af650|0xa441bd|0xa44195|0xa441bd|0x3af5f0|0xa441bd|0x3af6b0|0x3af6b0|0x212|
^addr:0x9e37c0,size:5,opcodes:b9 00 00 5b 00 
*regs:0x3af650|0xa441bd|0xa4ffd8|0xa441bd|0x3af5f0|0xa441bd|0x3af6b0|0x3af6b0|0x297|
^addr:0x9e37c5,size:3,opcodes:c0 e2 6e 
*regs:0x3af650|0x5b0000|0xa4ffd8|0xa441bd|0x3af5f0|0xa441bd|0x3af6b0|0x3af6b0|0x297|
^addr:0x9e37c8,size:6,opcodes:81 fd 1d 3b 9d 41 
*regs:0x3af650|0x5b0000|0xa4ff00|0xa441bd|0x3af5f0|0xa441bd|0x3af6b0|0x3af6b0|0x246|
^addr:0x9e37ce,size:2,opcodes:2b d9 
*regs:0x3af650|0x5b0000|0xa4ff00|0xa441bd|0x3af5f0|0xa441bd|0x3af6b0|0x3af6b0|0x287|
^addr:0x9e37d0,size:2,opcodes:32 d7 
*regs:0x3af650|0x5b0000|0xa4ff00|0x4941bd|0x3af5f0|0xa441bd|0x3af6b0|0x3af6b0|0x206|
^addr:0x9e37d2,size:6,opcodes:8d 3d d2 37 9e 00 
*regs:0x3af650|0x5b0000|0xa4ff41|0x4941bd|0x3af5f0|0xa441bd|0x3af6b0|0x3af6b0|0x206|
^addr:0x9e37d8,size:2,opcodes:85 ef 
*regs:0x3af650|0x5b0000|0xa4ff41|0x4941bd|0x3af5f0|0xa441bd|0x3af6b0|0x9e37d2|0x206|
^addr:0x9e37da,size:4,opcodes:8b 54 25 00 
*regs:0x3af650|0x5b0000|0xa4ff41|0x4941bd|0x3af5f0|0xa441bd|0x3af6b0|0x9e37d2|0x206|
*mem_addr:0xa441bd,mem_val:0x5759bd82,mem_size:4
^addr:0x9e37de,size:5,opcodes:e9 26 4e 03 00 
*regs:0x3af650|0x5b0000|0x5759bd82|0x4941bd|0x3af5f0|0xa441bd|0x3af6b0|0x9e37d2|0x206|
^addr:0xa18609,size:6,opcodes:81 c5 04 00 00 00 
*regs:0x3af650|0x5b0000|0x5759bd82|0x4941bd|0x3af5f0|0xa441bd|0x3af6b0|0x9e37d2|0x206|
^addr:0xa1860f,size:1,opcodes:f5 
*regs:0x3af650|0x5b0000|0x5759bd82|0x4941bd|0x3af5f0|0xa441c1|0x3af6b0|0x9e37d2|0x212|
^addr:0xa18610,size:2,opcodes:3b f2 
*regs:0x3af650|0x5b0000|0x5759bd82|0x4941bd|0x3af5f0|0xa441c1|0x3af6b0|0x9e37d2|0x213|
^addr:0xa18612,size:2,opcodes:33 d3 
*regs:0x3af650|0x5b0000|0x5759bd82|0x4941bd|0x3af5f0|0xa441c1|0x3af6b0|0x9e37d2|0x297|
^addr:0xa18614,size:6,opcodes:81 f2 c1 77 8d 49 
*regs:0x3af650|0x5b0000|0x5710fc3f|0x4941bd|0x3af5f0|0xa441c1|0x3af6b0|0x9e37d2|0x206|
^addr:0xa1861a,size:5,opcodes:e9 2a 19 03 00 
*regs:0x3af650|0x5b0000|0x1e9d8bfe|0x4941bd|0x3af5f0|0xa441c1|0x3af6b0|0x9e37d2|0x202|
^addr:0xa49f49,size:1,opcodes:4a 
*regs:0x3af650|0x5b0000|0x1e9d8bfe|0x4941bd|0x3af5f0|0xa441c1|0x3af6b0|0x9e37d2|0x202|
^addr:0xa49f4a,size:2,opcodes:d1 c2 
*regs:0x3af650|0x5b0000|0x1e9d8bfd|0x4941bd|0x3af5f0|0xa441c1|0x3af6b0|0x9e37d2|0x202|
^addr:0xa49f4c,size:1,opcodes:f8 
*regs:0x3af650|0x5b0000|0x3d3b17fa|0x4941bd|0x3af5f0|0xa441c1|0x3af6b0|0x9e37d2|0x202|
^addr:0xa49f4d,size:6,opcodes:8d 92 02 83 e5 e1 
*regs:0x3af650|0x5b0000|0x3d3b17fa|0x4941bd|0x3af5f0|0xa441c1|0x3af6b0|0x9e37d2|0x202|
^addr:0xa49f53,size:6,opcodes:81 f2 74 7c 22 1f 
*regs:0x3af650|0x5b0000|0x1f209afc|0x4941bd|0x3af5f0|0xa441c1|0x3af6b0|0x9e37d2|0x202|
^addr:0xa49f59,size:3,opcodes:66 85 cf 
*regs:0x3af650|0x5b0000|0x2e688|0x4941bd|0x3af5f0|0xa441c1|0x3af6b0|0x9e37d2|0x206|
^addr:0xa49f5c,size:2,opcodes:33 da 
*regs:0x3af650|0x5b0000|0x2e688|0x4941bd|0x3af5f0|0xa441c1|0x3af6b0|0x9e37d2|0x246|
^addr:0xa49f5e,size:1,opcodes:f9 
*regs:0x3af650|0x5b0000|0x2e688|0x4ba735|0x3af5f0|0xa441c1|0x3af6b0|0x9e37d2|0x206|
^addr:0xa49f5f,size:3,opcodes:66 85 fd 
*regs:0x3af650|0x5b0000|0x2e688|0x4ba735|0x3af5f0|0xa441c1|0x3af6b0|0x9e37d2|0x207|
^addr:0xa49f62,size:2,opcodes:03 fa 
*regs:0x3af650|0x5b0000|0x2e688|0x4ba735|0x3af5f0|0xa441c1|0x3af6b0|0x9e37d2|0x206|
^addr:0xa49f64,size:5,opcodes:e9 b3 26 f9 ff 
*regs:0x3af650|0x5b0000|0x2e688|0x4ba735|0x3af5f0|0xa441c1|0x3af6b0|0xa11e5a|0x206|
^addr:0x9dc61c,size:2,opcodes:ff e7 
*regs:0x3af650|0x5b0000|0x2e688|0x4ba735|0x3af5f0|0xa441c1|0x3af6b0|0xa11e5a|0x206|
^addr:0xa11e5a,size:2,opcodes:8b 16 
*regs:0x3af650|0x5b0000|0x2e688|0x4ba735|0x3af5f0|0xa441c1|0x3af6b0|0xa11e5a|0x206|
*mem_addr:0x3af6b0,mem_val:0x5b0000,mem_size:4
^addr:0xa11e5c,size:6,opcodes:81 c6 04 00 00 00 
*regs:0x3af650|0x5b0000|0x5b0000|0x4ba735|0x3af5f0|0xa441c1|0x3af6b0|0xa11e5a|0x206|
^addr:0xa11e62,size:3,opcodes:c0 d8 f8 
*regs:0x3af650|0x5b0000|0x5b0000|0x4ba735|0x3af5f0|0xa441c1|0x3af6b4|0xa11e5a|0x206|
^addr:0xa11e65,size:1,opcodes:f9 
*regs:0x3af681|0x5b0000|0x5b0000|0x4ba735|0x3af5f0|0xa441c1|0x3af6b4|0xa11e5a|0x206|
^addr:0xa11e66,size:5,opcodes:0f b6 44 25 00 
*regs:0x3af681|0x5b0000|0x5b0000|0x4ba735|0x3af5f0|0xa441c1|0x3af6b4|0xa11e5a|0x207|
*mem_addr:0xa441c1,mem_val:0xd6,mem_size:1
^addr:0xa11e6b,size:1,opcodes:f5 
*regs:0xd6|0x5b0000|0x5b0000|0x4ba735|0x3af5f0|0xa441c1|0x3af6b4|0xa11e5a|0x207|
^addr:0xa11e6c,size:6,opcodes:8d ad 01 00 00 00 
*regs:0xd6|0x5b0000|0x5b0000|0x4ba735|0x3af5f0|0xa441c1|0x3af6b4|0xa11e5a|0x206|
^addr:0xa11e72,size:2,opcodes:32 c3 
*regs:0xd6|0x5b0000|0x5b0000|0x4ba735|0x3af5f0|0xa441c2|0x3af6b4|0xa11e5a|0x206|
^addr:0xa11e74,size:1,opcodes:f9 
*regs:0xe3|0x5b0000|0x5b0000|0x4ba735|0x3af5f0|0xa441c2|0x3af6b4|0xa11e5a|0x282|
^addr:0xa11e75,size:2,opcodes:d0 c0 
*regs:0xe3|0x5b0000|0x5b0000|0x4ba735|0x3af5f0|0xa441c2|0x3af6b4|0xa11e5a|0x283|
^addr:0xa11e77,size:1,opcodes:f8 
*regs:0xc7|0x5b0000|0x5b0000|0x4ba735|0x3af5f0|0xa441c2|0x3af6b4|0xa11e5a|0x283|
^addr:0xa11e78,size:3,opcodes:66 3b e7 
*regs:0xc7|0x5b0000|0x5b0000|0x4ba735|0x3af5f0|0xa441c2|0x3af6b4|0xa11e5a|0x282|
^addr:0xa11e7b,size:2,opcodes:f6 d8 
*regs:0xc7|0x5b0000|0x5b0000|0x4ba735|0x3af5f0|0xa441c2|0x3af6b4|0xa11e5a|0x296|
^addr:0xa11e7d,size:5,opcodes:e9 e2 59 01 00 
*regs:0x39|0x5b0000|0x5b0000|0x4ba735|0x3af5f0|0xa441c2|0x3af6b4|0xa11e5a|0x217|
^addr:0xa27864,size:2,opcodes:f6 d0 
*regs:0x39|0x5b0000|0x5b0000|0x4ba735|0x3af5f0|0xa441c2|0x3af6b4|0xa11e5a|0x217|
^addr:0xa27866,size:5,opcodes:e9 39 a3 fd ff 
*regs:0xc6|0x5b0000|0x5b0000|0x4ba735|0x3af5f0|0xa441c2|0x3af6b4|0xa11e5a|0x217|
^addr:0xa01ba4,size:2,opcodes:fe c0 
*regs:0xc6|0x5b0000|0x5b0000|0x4ba735|0x3af5f0|0xa441c2|0x3af6b4|0xa11e5a|0x217|
^addr:0xa01ba6,size:5,opcodes:e9 2d f6 00 00 
*regs:0xc7|0x5b0000|0x5b0000|0x4ba735|0x3af5f0|0xa441c2|0x3af6b4|0xa11e5a|0x283|
^addr:0xa111d8,size:2,opcodes:f6 d0 
*regs:0xc7|0x5b0000|0x5b0000|0x4ba735|0x3af5f0|0xa441c2|0x3af6b4|0xa11e5a|0x283|
^addr:0xa111da,size:2,opcodes:32 d8 
*regs:0x38|0x5b0000|0x5b0000|0x4ba735|0x3af5f0|0xa441c2|0x3af6b4|0xa11e5a|0x283|
^addr:0xa111dc,size:1,opcodes:f9 
*regs:0x38|0x5b0000|0x5b0000|0x4ba70d|0x3af5f0|0xa441c2|0x3af6b4|0xa11e5a|0x202|
^addr:0xa111dd,size:6,opcodes:81 fd a9 51 b8 7c 
*regs:0x38|0x5b0000|0x5b0000|0x4ba70d|0x3af5f0|0xa441c2|0x3af6b4|0xa11e5a|0x203|
^addr:0xa111e3,size:5,opcodes:66 f7 c7 63 08 
*regs:0x38|0x5b0000|0x5b0000|0x4ba70d|0x3af5f0|0xa441c2|0x3af6b4|0xa11e5a|0x293|
^addr:0xa111e8,size:3,opcodes:89 14 04 
*regs:0x38|0x5b0000|0x5b0000|0x4ba70d|0x3af5f0|0xa441c2|0x3af6b4|0xa11e5a|0x206|
^addr:0xa111eb,size:1,opcodes:f5 
*regs:0x38|0x5b0000|0x5b0000|0x4ba70d|0x3af5f0|0xa441c2|0x3af6b4|0xa11e5a|0x206|
^addr:0xa111ec,size:4,opcodes:66 0f 43 c1 
*regs:0x38|0x5b0000|0x5b0000|0x4ba70d|0x3af5f0|0xa441c2|0x3af6b4|0xa11e5a|0x207|
^addr:0xa111f0,size:4,opcodes:8b 44 25 00 
*regs:0x38|0x5b0000|0x5b0000|0x4ba70d|0x3af5f0|0xa441c2|0x3af6b4|0xa11e5a|0x207|
*mem_addr:0xa441c2,mem_val:0xb1574d41,mem_size:4
^addr:0xa111f4,size:2,opcodes:84 d6 
*regs:0xb1574d41|0x5b0000|0x5b0000|0x4ba70d|0x3af5f0|0xa441c2|0x3af6b4|0xa11e5a|0x207|
^addr:0xa111f6,size:2,opcodes:3a da 
*regs:0xb1574d41|0x5b0000|0x5b0000|0x4ba70d|0x3af5f0|0xa441c2|0x3af6b4|0xa11e5a|0x246|
^addr:0xa111f8,size:6,opcodes:8d ad 04 00 00 00 
*regs:0xb1574d41|0x5b0000|0x5b0000|0x4ba70d|0x3af5f0|0xa441c2|0x3af6b4|0xa11e5a|0x202|
^addr:0xa111fe,size:2,opcodes:33 c3 
*regs:0xb1574d41|0x5b0000|0x5b0000|0x4ba70d|0x3af5f0|0xa441c6|0x3af6b4|0xa11e5a|0x202|
^addr:0xa11200,size:2,opcodes:85 ed 
*regs:0xb11cea4c|0x5b0000|0x5b0000|0x4ba70d|0x3af5f0|0xa441c6|0x3af6b4|0xa11e5a|0x282|
^addr:0xa11202,size:5,opcodes:66 81 fb a7 3e 
*regs:0xb11cea4c|0x5b0000|0x5b0000|0x4ba70d|0x3af5f0|0xa441c6|0x3af6b4|0xa11e5a|0x206|
^addr:0xa11207,size:2,opcodes:f7 d8 
*regs:0xb11cea4c|0x5b0000|0x5b0000|0x4ba70d|0x3af5f0|0xa441c6|0x3af6b4|0xa11e5a|0xa06|
^addr:0xa11209,size:5,opcodes:05 fd 1c 2d 0d 
*regs:0x4ee315b4|0x5b0000|0x5b0000|0x4ba70d|0x3af5f0|0xa441c6|0x3af6b4|0xa11e5a|0x217|
^addr:0xa1120e,size:5,opcodes:e9 b6 50 ff ff 
*regs:0x5c1032b1|0x5b0000|0x5b0000|0x4ba70d|0x3af5f0|0xa441c6|0x3af6b4|0xa11e5a|0x216|
^addr:0xa062c9,size:2,opcodes:f7 d0 
*regs:0x5c1032b1|0x5b0000|0x5b0000|0x4ba70d|0x3af5f0|0xa441c6|0x3af6b4|0xa11e5a|0x216|
^addr:0xa062cb,size:1,opcodes:f8 
*regs:0xa3efcd4e|0x5b0000|0x5b0000|0x4ba70d|0x3af5f0|0xa441c6|0x3af6b4|0xa11e5a|0x216|
^addr:0xa062cc,size:1,opcodes:f9 
*regs:0xa3efcd4e|0x5b0000|0x5b0000|0x4ba70d|0x3af5f0|0xa441c6|0x3af6b4|0xa11e5a|0x216|
^addr:0xa062cd,size:6,opcodes:8d 80 55 4e 12 5c 
*regs:0xa3efcd4e|0x5b0000|0x5b0000|0x4ba70d|0x3af5f0|0xa441c6|0x3af6b4|0xa11e5a|0x217|
^addr:0xa062d3,size:2,opcodes:f7 d8 
*regs:0x21ba3|0x5b0000|0x5b0000|0x4ba70d|0x3af5f0|0xa441c6|0x3af6b4|0xa11e5a|0x217|
^addr:0xa062d5,size:3,opcodes:f6 c3 9f 
*regs:0xfffde45d|0x5b0000|0x5b0000|0x4ba70d|0x3af5f0|0xa441c6|0x3af6b4|0xa11e5a|0x293|
^addr:0xa062d8,size:1,opcodes:f5 
*regs:0xfffde45d|0x5b0000|0x5b0000|0x4ba70d|0x3af5f0|0xa441c6|0x3af6b4|0xa11e5a|0x202|
^addr:0xa062d9,size:2,opcodes:33 d8 
*regs:0xfffde45d|0x5b0000|0x5b0000|0x4ba70d|0x3af5f0|0xa441c6|0x3af6b4|0xa11e5a|0x203|
^addr:0xa062db,size:5,opcodes:e9 15 c7 fd ff 
*regs:0xfffde45d|0x5b0000|0x5b0000|0xffb64350|0x3af5f0|0xa441c6|0x3af6b4|0xa11e5a|0x286|
^addr:0x9e29f5,size:2,opcodes:03 f8 
*regs:0xfffde45d|0x5b0000|0x5b0000|0xffb64350|0x3af5f0|0xa441c6|0x3af6b4|0xa11e5a|0x286|
^addr:0x9e29f7,size:5,opcodes:e9 16 2b 01 00 
*regs:0xfffde45d|0x5b0000|0x5b0000|0xffb64350|0x3af5f0|0xa441c6|0x3af6b4|0x9f02b7|0x217|
^addr:0x9f5512,size:2,opcodes:ff e7 
*regs:0xfffde45d|0x5b0000|0x5b0000|0xffb64350|0x3af5f0|0xa441c6|0x3af6b4|0x9f02b7|0x217|
^addr:0x9f02b7,size:2,opcodes:8b 16 
*regs:0xfffde45d|0x5b0000|0x5b0000|0xffb64350|0x3af5f0|0xa441c6|0x3af6b4|0x9f02b7|0x217|
*mem_addr:0x3af6b4,mem_val:0x9ce103,mem_size:4
^addr:0x9f02b9,size:2,opcodes:d3 e8 
*regs:0xfffde45d|0x5b0000|0x9ce103|0xffb64350|0x3af5f0|0xa441c6|0x3af6b4|0x9f02b7|0x217|
^addr:0x9f02bb,size:2,opcodes:3b de 
*regs:0xfffde45d|0x5b0000|0x9ce103|0xffb64350|0x3af5f0|0xa441c6|0x3af6b4|0x9f02b7|0x217|
^addr:0x9f02bd,size:1,opcodes:40 
*regs:0xfffde45d|0x5b0000|0x9ce103|0xffb64350|0x3af5f0|0xa441c6|0x3af6b4|0x9f02b7|0x296|
^addr:0x9f02be,size:6,opcodes:81 c6 04 00 00 00 
*regs:0xfffde45e|0x5b0000|0x9ce103|0xffb64350|0x3af5f0|0xa441c6|0x3af6b4|0x9f02b7|0x282|
^addr:0x9f02c4,size:5,opcodes:0f b6 44 25 00 
*regs:0xfffde45e|0x5b0000|0x9ce103|0xffb64350|0x3af5f0|0xa441c6|0x3af6b8|0x9f02b7|0x206|
*mem_addr:0xa441c6,mem_val:0xbb,mem_size:1
^addr:0x9f02c9,size:3,opcodes:f6 c6 17 
*regs:0xbb|0x5b0000|0x9ce103|0xffb64350|0x3af5f0|0xa441c6|0x3af6b8|0x9f02b7|0x206|
^addr:0x9f02cc,size:6,opcodes:81 c5 01 00 00 00 
*regs:0xbb|0x5b0000|0x9ce103|0xffb64350|0x3af5f0|0xa441c6|0x3af6b8|0x9f02b7|0x202|
^addr:0x9f02d2,size:2,opcodes:32 c3 
*regs:0xbb|0x5b0000|0x9ce103|0xffb64350|0x3af5f0|0xa441c7|0x3af6b8|0x9f02b7|0x202|
^addr:0x9f02d4,size:1,opcodes:f8 
*regs:0xeb|0x5b0000|0x9ce103|0xffb64350|0x3af5f0|0xa441c7|0x3af6b8|0x9f02b7|0x286|
^addr:0x9f02d5,size:2,opcodes:d0 c0 
*regs:0xeb|0x5b0000|0x9ce103|0xffb64350|0x3af5f0|0xa441c7|0x3af6b8|0x9f02b7|0x286|
^addr:0x9f02d7,size:5,opcodes:66 81 ff a2 14 
*regs:0xd7|0x5b0000|0x9ce103|0xffb64350|0x3af5f0|0xa441c7|0x3af6b8|0x9f02b7|0x287|
^addr:0x9f02dc,size:2,opcodes:f6 d8 
*regs:0xd7|0x5b0000|0x9ce103|0xffb64350|0x3af5f0|0xa441c7|0x3af6b8|0x9f02b7|0x283|
^addr:0x9f02de,size:5,opcodes:e9 bf 48 02 00 
*regs:0x29|0x5b0000|0x9ce103|0xffb64350|0x3af5f0|0xa441c7|0x3af6b8|0x9f02b7|0x213|
^addr:0xa14ba2,size:2,opcodes:f6 d0 
*regs:0x29|0x5b0000|0x9ce103|0xffb64350|0x3af5f0|0xa441c7|0x3af6b8|0x9f02b7|0x213|
^addr:0xa14ba4,size:5,opcodes:e9 0a 78 00 00 
*regs:0xd6|0x5b0000|0x9ce103|0xffb64350|0x3af5f0|0xa441c7|0x3af6b8|0x9f02b7|0x213|
^addr:0xa1c3b3,size:2,opcodes:fe c0 
*regs:0xd6|0x5b0000|0x9ce103|0xffb64350|0x3af5f0|0xa441c7|0x3af6b8|0x9f02b7|0x213|
^addr:0xa1c3b5,size:2,opcodes:f6 d0 
*regs:0xd7|0x5b0000|0x9ce103|0xffb64350|0x3af5f0|0xa441c7|0x3af6b8|0x9f02b7|0x287|
^addr:0xa1c3b7,size:1,opcodes:f5 
*regs:0x28|0x5b0000|0x9ce103|0xffb64350|0x3af5f0|0xa441c7|0x3af6b8|0x9f02b7|0x287|
^addr:0xa1c3b8,size:2,opcodes:32 d8 
*regs:0x28|0x5b0000|0x9ce103|0xffb64350|0x3af5f0|0xa441c7|0x3af6b8|0x9f02b7|0x286|
^addr:0xa1c3ba,size:3,opcodes:89 14 04 
*regs:0x28|0x5b0000|0x9ce103|0xffb64378|0x3af5f0|0xa441c7|0x3af6b8|0x9f02b7|0x206|
^addr:0xa1c3bd,size:1,opcodes:9f 
*regs:0x28|0x5b0000|0x9ce103|0xffb64378|0x3af5f0|0xa441c7|0x3af6b8|0x9f02b7|0x206|
^addr:0xa1c3be,size:3,opcodes:66 1b c2 
*regs:0x628|0x5b0000|0x9ce103|0xffb64378|0x3af5f0|0xa441c7|0x3af6b8|0x9f02b7|0x206|
^addr:0xa1c3c1,size:4,opcodes:8b 44 25 00 
*regs:0x2525|0x5b0000|0x9ce103|0xffb64378|0x3af5f0|0xa441c7|0x3af6b8|0x9f02b7|0x203|
*mem_addr:0xa441c7,mem_val:0x4ea208af,mem_size:4
^addr:0xa1c3c5,size:1,opcodes:f8 
*regs:0x4ea208af|0x5b0000|0x9ce103|0xffb64378|0x3af5f0|0xa441c7|0x3af6b8|0x9f02b7|0x203|
^addr:0xa1c3c6,size:6,opcodes:8d ad 04 00 00 00 
*regs:0x4ea208af|0x5b0000|0x9ce103|0xffb64378|0x3af5f0|0xa441c7|0x3af6b8|0x9f02b7|0x202|
^addr:0xa1c3cc,size:2,opcodes:33 c3 
*regs:0x4ea208af|0x5b0000|0x9ce103|0xffb64378|0x3af5f0|0xa441cb|0x3af6b8|0x9f02b7|0x202|
^addr:0xa1c3ce,size:2,opcodes:3b db 
*regs:0xb1144bd7|0x5b0000|0x9ce103|0xffb64378|0x3af5f0|0xa441cb|0x3af6b8|0x9f02b7|0x286|
^addr:0xa1c3d0,size:5,opcodes:66 81 fc 6c 5f 
*regs:0xb1144bd7|0x5b0000|0x9ce103|0xffb64378|0x3af5f0|0xa441cb|0x3af6b8|0x9f02b7|0x246|
^addr:0xa1c3d5,size:2,opcodes:f7 d8 
*regs:0xb1144bd7|0x5b0000|0x9ce103|0xffb64378|0x3af5f0|0xa441cb|0x3af6b8|0x9f02b7|0x296|
^addr:0xa1c3d7,size:6,opcodes:f7 c6 66 47 ab 45 
*regs:0x4eebb429|0x5b0000|0x9ce103|0xffb64378|0x3af5f0|0xa441cb|0x3af6b8|0x9f02b7|0x213|
^addr:0xa1c3dd,size:2,opcodes:3b ce 
*regs:0x4eebb429|0x5b0000|0x9ce103|0xffb64378|0x3af5f0|0xa441cb|0x3af6b8|0x9f02b7|0x202|
^addr:0xa1c3df,size:5,opcodes:05 fd 1c 2d 0d 
*regs:0x4eebb429|0x5b0000|0x9ce103|0xffb64378|0x3af5f0|0xa441cb|0x3af6b8|0x9f02b7|0x216|
^addr:0xa1c3e4,size:2,opcodes:f7 d0 
*regs:0x5c18d126|0x5b0000|0x9ce103|0xffb64378|0x3af5f0|0xa441cb|0x3af6b8|0x9f02b7|0x212|
^addr:0xa1c3e6,size:6,opcodes:8d 80 55 4e 12 5c 
*regs:0xa3e72ed9|0x5b0000|0x9ce103|0xffb64378|0x3af5f0|0xa441cb|0x3af6b8|0x9f02b7|0x212|
^addr:0xa1c3ec,size:5,opcodes:e9 a6 10 02 00 
*regs:0xfff97d2e|0x5b0000|0x9ce103|0xffb64378|0x3af5f0|0xa441cb|0x3af6b8|0x9f02b7|0x212|
^addr:0xa3d497,size:2,opcodes:f7 d8 
*regs:0xfff97d2e|0x5b0000|0x9ce103|0xffb64378|0x3af5f0|0xa441cb|0x3af6b8|0x9f02b7|0x212|
^addr:0xa3d499,size:3,opcodes:80 ff 74 
*regs:0x682d2|0x5b0000|0x9ce103|0xffb64378|0x3af5f0|0xa441cb|0x3af6b8|0x9f02b7|0x217|
^addr:0xa3d49c,size:2,opcodes:33 d8 
*regs:0x682d2|0x5b0000|0x9ce103|0xffb64378|0x3af5f0|0xa441cb|0x3af6b8|0x9f02b7|0x297|
^addr:0xa3d49e,size:2,opcodes:03 f8 
*regs:0x682d2|0x5b0000|0x9ce103|0xffb0c1aa|0x3af5f0|0xa441cb|0x3af6b8|0x9f02b7|0x286|
^addr:0xa3d4a0,size:5,opcodes:e9 ef 64 00 00 
*regs:0x682d2|0x5b0000|0x9ce103|0xffb0c1aa|0x3af5f0|0xa441cb|0x3af6b8|0xa58589|0x202|
^addr:0xa43994,size:2,opcodes:ff e7 
*regs:0x682d2|0x5b0000|0x9ce103|0xffb0c1aa|0x3af5f0|0xa441cb|0x3af6b8|0xa58589|0x202|
^addr:0xa58589,size:2,opcodes:8b 16 
*regs:0x682d2|0x5b0000|0x9ce103|0xffb0c1aa|0x3af5f0|0xa441cb|0x3af6b8|0xa58589|0x202|
*mem_addr:0x3af6b8,mem_val:0x9c1023,mem_size:4
^addr:0xa5858b,size:6,opcodes:8d b6 04 00 00 00 
*regs:0x682d2|0x5b0000|0x9c1023|0xffb0c1aa|0x3af5f0|0xa441cb|0x3af6b8|0xa58589|0x202|
^addr:0xa58591,size:5,opcodes:0f b6 44 25 00 
*regs:0x682d2|0x5b0000|0x9c1023|0xffb0c1aa|0x3af5f0|0xa441cb|0x3af6bc|0xa58589|0x202|
*mem_addr:0xa441cb,mem_val:0x45,mem_size:1
^addr:0xa58596,size:1,opcodes:f9 
*regs:0x45|0x5b0000|0x9c1023|0xffb0c1aa|0x3af5f0|0xa441cb|0x3af6bc|0xa58589|0x202|
^addr:0xa58597,size:6,opcodes:81 c5 01 00 00 00 
*regs:0x45|0x5b0000|0x9c1023|0xffb0c1aa|0x3af5f0|0xa441cb|0x3af6bc|0xa58589|0x203|
^addr:0xa5859d,size:3,opcodes:80 fa 74 
*regs:0x45|0x5b0000|0x9c1023|0xffb0c1aa|0x3af5f0|0xa441cc|0x3af6bc|0xa58589|0x206|
^addr:0xa585a0,size:1,opcodes:f8 
*regs:0x45|0x5b0000|0x9c1023|0xffb0c1aa|0x3af5f0|0xa441cc|0x3af6bc|0xa58589|0x297|
^addr:0xa585a1,size:2,opcodes:32 c3 
*regs:0x45|0x5b0000|0x9c1023|0xffb0c1aa|0x3af5f0|0xa441cc|0x3af6bc|0xa58589|0x296|
^addr:0xa585a3,size:2,opcodes:d0 c0 
*regs:0xef|0x5b0000|0x9c1023|0xffb0c1aa|0x3af5f0|0xa441cc|0x3af6bc|0xa58589|0x282|
^addr:0xa585a5,size:2,opcodes:f6 d8 
*regs:0xdf|0x5b0000|0x9c1023|0xffb0c1aa|0x3af5f0|0xa441cc|0x3af6bc|0xa58589|0x283|
^addr:0xa585a7,size:5,opcodes:e9 33 85 ff ff 
*regs:0x21|0x5b0000|0x9c1023|0xffb0c1aa|0x3af5f0|0xa441cc|0x3af6bc|0xa58589|0x217|
^addr:0xa50adf,size:2,opcodes:f6 d0 
*regs:0x21|0x5b0000|0x9c1023|0xffb0c1aa|0x3af5f0|0xa441cc|0x3af6bc|0xa58589|0x217|
^addr:0xa50ae1,size:5,opcodes:e9 69 b2 fb ff 
*regs:0xde|0x5b0000|0x9c1023|0xffb0c1aa|0x3af5f0|0xa441cc|0x3af6bc|0xa58589|0x217|
^addr:0xa0bd4f,size:2,opcodes:fe c0 
*regs:0xde|0x5b0000|0x9c1023|0xffb0c1aa|0x3af5f0|0xa441cc|0x3af6bc|0xa58589|0x217|
^addr:0xa0bd51,size:6,opcodes:f7 c5 8f 0c 12 32 
*regs:0xdf|0x5b0000|0x9c1023|0xffb0c1aa|0x3af5f0|0xa441cc|0x3af6bc|0xa58589|0x283|
^addr:0xa0bd57,size:2,opcodes:f6 d0 
*regs:0xdf|0x5b0000|0x9c1023|0xffb0c1aa|0x3af5f0|0xa441cc|0x3af6bc|0xa58589|0x202|
^addr:0xa0bd59,size:2,opcodes:32 d8 
*regs:0x20|0x5b0000|0x9c1023|0xffb0c1aa|0x3af5f0|0xa441cc|0x3af6bc|0xa58589|0x202|
^addr:0xa0bd5b,size:5,opcodes:66 f7 c1 7d 47 
*regs:0x20|0x5b0000|0x9c1023|0xffb0c18a|0x3af5f0|0xa441cc|0x3af6bc|0xa58589|0x282|
^addr:0xa0bd60,size:5,opcodes:66 81 fa 35 6f 
*regs:0x20|0x5b0000|0x9c1023|0xffb0c18a|0x3af5f0|0xa441cc|0x3af6bc|0xa58589|0x246|
^addr:0xa0bd65,size:3,opcodes:89 14 04 
*regs:0x20|0x5b0000|0x9c1023|0xffb0c18a|0x3af5f0|0xa441cc|0x3af6bc|0xa58589|0x297|
^addr:0xa0bd68,size:4,opcodes:8b 44 25 00 
*regs:0x20|0x5b0000|0x9c1023|0xffb0c18a|0x3af5f0|0xa441cc|0x3af6bc|0xa58589|0x297|
*mem_addr:0xa441cc,mem_val:0x4eae46c8,mem_size:4
^addr:0xa0bd6c,size:1,opcodes:f9 
*regs:0x4eae46c8|0x5b0000|0x9c1023|0xffb0c18a|0x3af5f0|0xa441cc|0x3af6bc|0xa58589|0x297|
^addr:0xa0bd6d,size:6,opcodes:f7 c6 2b 6b 17 76 
*regs:0x4eae46c8|0x5b0000|0x9c1023|0xffb0c18a|0x3af5f0|0xa441cc|0x3af6bc|0xa58589|0x297|
^addr:0xa0bd73,size:6,opcodes:81 c5 04 00 00 00 
*regs:0x4eae46c8|0x5b0000|0x9c1023|0xffb0c18a|0x3af5f0|0xa441cc|0x3af6bc|0xa58589|0x206|
^addr:0xa0bd79,size:2,opcodes:3b fe 
*regs:0x4eae46c8|0x5b0000|0x9c1023|0xffb0c18a|0x3af5f0|0xa441d0|0x3af6bc|0xa58589|0x212|
^addr:0xa0bd7b,size:2,opcodes:33 c3 
*regs:0x4eae46c8|0x5b0000|0x9c1023|0xffb0c18a|0x3af5f0|0xa441d0|0x3af6bc|0xa58589|0x212|
^addr:0xa0bd7d,size:1,opcodes:f8 
*regs:0xb11e8742|0x5b0000|0x9c1023|0xffb0c18a|0x3af5f0|0xa441d0|0x3af6bc|0xa58589|0x286|
^addr:0xa0bd7e,size:1,opcodes:f5 
*regs:0xb11e8742|0x5b0000|0x9c1023|0xffb0c18a|0x3af5f0|0xa441d0|0x3af6bc|0xa58589|0x286|
^addr:0xa0bd7f,size:5,opcodes:66 81 fd a2 7c 
*regs:0xb11e8742|0x5b0000|0x9c1023|0xffb0c18a|0x3af5f0|0xa441d0|0x3af6bc|0xa58589|0x287|
^addr:0xa0bd84,size:2,opcodes:f7 d8 
*regs:0xb11e8742|0x5b0000|0x9c1023|0xffb0c18a|0x3af5f0|0xa441d0|0x3af6bc|0xa58589|0x297|
^addr:0xa0bd86,size:1,opcodes:f5 
*regs:0x4ee178be|0x5b0000|0x9c1023|0xffb0c18a|0x3af5f0|0xa441d0|0x3af6bc|0xa58589|0x217|
^addr:0xa0bd87,size:6,opcodes:8d 80 fd 1c 2d 0d 
*regs:0x4ee178be|0x5b0000|0x9c1023|0xffb0c18a|0x3af5f0|0xa441d0|0x3af6bc|0xa58589|0x216|
^addr:0xa0bd8d,size:2,opcodes:84 c5 
*regs:0x5c0e95bb|0x5b0000|0x9c1023|0xffb0c18a|0x3af5f0|0xa441d0|0x3af6bc|0xa58589|0x216|
^addr:0xa0bd8f,size:2,opcodes:f7 d0 
*regs:0x5c0e95bb|0x5b0000|0x9c1023|0xffb0c18a|0x3af5f0|0xa441d0|0x3af6bc|0xa58589|0x246|
^addr:0xa0bd91,size:3,opcodes:66 85 c2 
*regs:0xa3f16a44|0x5b0000|0x9c1023|0xffb0c18a|0x3af5f0|0xa441d0|0x3af6bc|0xa58589|0x246|
^addr:0xa0bd94,size:1,opcodes:f8 
*regs:0xa3f16a44|0x5b0000|0x9c1023|0xffb0c18a|0x3af5f0|0xa441d0|0x3af6bc|0xa58589|0x246|
^addr:0xa0bd95,size:6,opcodes:8d 80 55 4e 12 5c 
*regs:0xa3f16a44|0x5b0000|0x9c1023|0xffb0c18a|0x3af5f0|0xa441d0|0x3af6bc|0xa58589|0x246|
^addr:0xa0bd9b,size:5,opcodes:e9 80 8e 00 00 
*regs:0x3b899|0x5b0000|0x9c1023|0xffb0c18a|0x3af5f0|0xa441d0|0x3af6bc|0xa58589|0x246|
^addr:0xa14c20,size:2,opcodes:f7 d8 
*regs:0x3b899|0x5b0000|0x9c1023|0xffb0c18a|0x3af5f0|0xa441d0|0x3af6bc|0xa58589|0x246|
^addr:0xa14c22,size:5,opcodes:66 81 fc d5 01 
*regs:0xfffc4767|0x5b0000|0x9c1023|0xffb0c18a|0x3af5f0|0xa441d0|0x3af6bc|0xa58589|0x293|
^addr:0xa14c27,size:2,opcodes:33 d8 
*regs:0xfffc4767|0x5b0000|0x9c1023|0xffb0c18a|0x3af5f0|0xa441d0|0x3af6bc|0xa58589|0x296|
^addr:0xa14c29,size:3,opcodes:80 fe 8f 
*regs:0xfffc4767|0x5b0000|0x9c1023|0x4c86ed|0x3af5f0|0xa441d0|0x3af6bc|0xa58589|0x206|
^addr:0xa14c2c,size:1,opcodes:f5 
*regs:0xfffc4767|0x5b0000|0x9c1023|0x4c86ed|0x3af5f0|0xa441d0|0x3af6bc|0xa58589|0xa97|
^addr:0xa14c2d,size:2,opcodes:03 f8 
*regs:0xfffc4767|0x5b0000|0x9c1023|0x4c86ed|0x3af5f0|0xa441d0|0x3af6bc|0xa58589|0xa96|
^addr:0xa14c2f,size:5,opcodes:e9 42 48 ff ff 
*regs:0xfffc4767|0x5b0000|0x9c1023|0x4c86ed|0x3af5f0|0xa441d0|0x3af6bc|0xa1ccf0|0x217|
^addr:0xa09476,size:2,opcodes:ff e7 
*regs:0xfffc4767|0x5b0000|0x9c1023|0x4c86ed|0x3af5f0|0xa441d0|0x3af6bc|0xa1ccf0|0x217|
^addr:0xa1ccf0,size:2,opcodes:8b 16 
*regs:0xfffc4767|0x5b0000|0x9c1023|0x4c86ed|0x3af5f0|0xa441d0|0x3af6bc|0xa1ccf0|0x217|
*mem_addr:0x3af6bc,mem_val:0x246,mem_size:4
^addr:0xa1ccf2,size:6,opcodes:8d b6 04 00 00 00 
*regs:0xfffc4767|0x5b0000|0x246|0x4c86ed|0x3af5f0|0xa441d0|0x3af6bc|0xa1ccf0|0x217|
^addr:0xa1ccf8,size:3,opcodes:c0 dc 3b 
*regs:0xfffc4767|0x5b0000|0x246|0x4c86ed|0x3af5f0|0xa441d0|0x3af6c0|0xa1ccf0|0x217|
^addr:0xa1ccfb,size:5,opcodes:0f b6 44 25 00 
*regs:0xfffc4767|0x5b0000|0x246|0x4c86ed|0x3af5f0|0xa441d0|0x3af6c0|0xa1ccf0|0x217|
*mem_addr:0xa441d0,mem_val:0x12,mem_size:1
^addr:0xa1cd00,size:6,opcodes:8d ad 01 00 00 00 
*regs:0x12|0x5b0000|0x246|0x4c86ed|0x3af5f0|0xa441d0|0x3af6c0|0xa1ccf0|0x217|
^addr:0xa1cd06,size:5,opcodes:e9 3f f3 02 00 
*regs:0x12|0x5b0000|0x246|0x4c86ed|0x3af5f0|0xa441d1|0x3af6c0|0xa1ccf0|0x217|
^addr:0xa4c04a,size:2,opcodes:32 c3 
*regs:0x12|0x5b0000|0x246|0x4c86ed|0x3af5f0|0xa441d1|0x3af6c0|0xa1ccf0|0x217|
^addr:0xa4c04c,size:1,opcodes:f5 
*regs:0xff|0x5b0000|0x246|0x4c86ed|0x3af5f0|0xa441d1|0x3af6c0|0xa1ccf0|0x286|
^addr:0xa4c04d,size:2,opcodes:d0 c0 
*regs:0xff|0x5b0000|0x246|0x4c86ed|0x3af5f0|0xa441d1|0x3af6c0|0xa1ccf0|0x287|
^addr:0xa4c04f,size:2,opcodes:f6 d8 
*regs:0xff|0x5b0000|0x246|0x4c86ed|0x3af5f0|0xa441d1|0x3af6c0|0xa1ccf0|0x287|
^addr:0xa4c051,size:5,opcodes:e9 46 42 fc ff 
*regs:0x1|0x5b0000|0x246|0x4c86ed|0x3af5f0|0xa441d1|0x3af6c0|0xa1ccf0|0x213|
^addr:0xa1029c,size:2,opcodes:f6 d0 
*regs:0x1|0x5b0000|0x246|0x4c86ed|0x3af5f0|0xa441d1|0x3af6c0|0xa1ccf0|0x213|
^addr:0xa1029e,size:5,opcodes:e9 c8 06 ff ff 
*regs:0xfe|0x5b0000|0x246|0x4c86ed|0x3af5f0|0xa441d1|0x3af6c0|0xa1ccf0|0x213|
^addr:0xa0096b,size:2,opcodes:fe c0 
*regs:0xfe|0x5b0000|0x246|0x4c86ed|0x3af5f0|0xa441d1|0x3af6c0|0xa1ccf0|0x213|
^addr:0xa0096d,size:1,opcodes:f8 
*regs:0xff|0x5b0000|0x246|0x4c86ed|0x3af5f0|0xa441d1|0x3af6c0|0xa1ccf0|0x287|
^addr:0xa0096e,size:2,opcodes:3b fd 
*regs:0xff|0x5b0000|0x246|0x4c86ed|0x3af5f0|0xa441d1|0x3af6c0|0xa1ccf0|0x286|
^addr:0xa00970,size:2,opcodes:f6 d0 
*regs:0xff|0x5b0000|0x246|0x4c86ed|0x3af5f0|0xa441d1|0x3af6c0|0xa1ccf0|0x293|
^addr:0xa00972,size:1,opcodes:f5 
*regs:0x0|0x5b0000|0x246|0x4c86ed|0x3af5f0|0xa441d1|0x3af6c0|0xa1ccf0|0x293|
^addr:0xa00973,size:2,opcodes:32 d8 
*regs:0x0|0x5b0000|0x246|0x4c86ed|0x3af5f0|0xa441d1|0x3af6c0|0xa1ccf0|0x292|
^addr:0xa00975,size:3,opcodes:66 85 f4 
*regs:0x0|0x5b0000|0x246|0x4c86ed|0x3af5f0|0xa441d1|0x3af6c0|0xa1ccf0|0x286|
^addr:0xa00978,size:1,opcodes:f8 
*regs:0x0|0x5b0000|0x246|0x4c86ed|0x3af5f0|0xa441d1|0x3af6c0|0xa1ccf0|0x286|
^addr:0xa00979,size:3,opcodes:89 14 04 
*regs:0x0|0x5b0000|0x246|0x4c86ed|0x3af5f0|0xa441d1|0x3af6c0|0xa1ccf0|0x286|
^addr:0xa0097c,size:4,opcodes:8b 44 25 00 
*regs:0x0|0x5b0000|0x246|0x4c86ed|0x3af5f0|0xa441d1|0x3af6c0|0xa1ccf0|0x286|
*mem_addr:0xa441d1,mem_val:0xb1542087,mem_size:4
^addr:0xa00980,size:1,opcodes:f8 
*regs:0xb1542087|0x5b0000|0x246|0x4c86ed|0x3af5f0|0xa441d1|0x3af6c0|0xa1ccf0|0x286|
^addr:0xa00981,size:3,opcodes:80 fb 79 
*regs:0xb1542087|0x5b0000|0x246|0x4c86ed|0x3af5f0|0xa441d1|0x3af6c0|0xa1ccf0|0x286|
^addr:0xa00984,size:6,opcodes:8d ad 04 00 00 00 
*regs:0xb1542087|0x5b0000|0x246|0x4c86ed|0x3af5f0|0xa441d1|0x3af6c0|0xa1ccf0|0xa06|
^addr:0xa0098a,size:5,opcodes:e9 1d 7c 04 00 
*regs:0xb1542087|0x5b0000|0x246|0x4c86ed|0x3af5f0|0xa441d5|0x3af6c0|0xa1ccf0|0xa06|
^addr:0xa485ac,size:2,opcodes:33 c3 
*regs:0xb1542087|0x5b0000|0x246|0x4c86ed|0x3af5f0|0xa441d5|0x3af6c0|0xa1ccf0|0xa06|
^addr:0xa485ae,size:2,opcodes:f7 d8 
*regs:0xb118a66a|0x5b0000|0x246|0x4c86ed|0x3af5f0|0xa441d5|0x3af6c0|0xa1ccf0|0x286|
^addr:0xa485b0,size:3,opcodes:f6 c2 d1 
*regs:0x4ee75996|0x5b0000|0x246|0x4c86ed|0x3af5f0|0xa441d5|0x3af6c0|0xa1ccf0|0x217|
^addr:0xa485b3,size:1,opcodes:f8 
*regs:0x4ee75996|0x5b0000|0x246|0x4c86ed|0x3af5f0|0xa441d5|0x3af6c0|0xa1ccf0|0x202|
^addr:0xa485b4,size:5,opcodes:05 fd 1c 2d 0d 
*regs:0x4ee75996|0x5b0000|0x246|0x4c86ed|0x3af5f0|0xa441d5|0x3af6c0|0xa1ccf0|0x202|
^addr:0xa485b9,size:3,opcodes:66 85 dd 
*regs:0x5c147693|0x5b0000|0x246|0x4c86ed|0x3af5f0|0xa441d5|0x3af6c0|0xa1ccf0|0x216|
^addr:0xa485bc,size:2,opcodes:f7 d0 
*regs:0x5c147693|0x5b0000|0x246|0x4c86ed|0x3af5f0|0xa441d5|0x3af6c0|0xa1ccf0|0x206|
^addr:0xa485be,size:1,opcodes:f8 
*regs:0xa3eb896c|0x5b0000|0x246|0x4c86ed|0x3af5f0|0xa441d5|0x3af6c0|0xa1ccf0|0x206|
^addr:0xa485bf,size:1,opcodes:f9 
*regs:0xa3eb896c|0x5b0000|0x246|0x4c86ed|0x3af5f0|0xa441d5|0x3af6c0|0xa1ccf0|0x206|
^addr:0xa485c0,size:1,opcodes:f5 
*regs:0xa3eb896c|0x5b0000|0x246|0x4c86ed|0x3af5f0|0xa441d5|0x3af6c0|0xa1ccf0|0x207|
^addr:0xa485c1,size:6,opcodes:8d 80 55 4e 12 5c 
*regs:0xa3eb896c|0x5b0000|0x246|0x4c86ed|0x3af5f0|0xa441d5|0x3af6c0|0xa1ccf0|0x206|
^addr:0xa485c7,size:5,opcodes:66 81 fa 3d 5b 
*regs:0xfffdd7c1|0x5b0000|0x246|0x4c86ed|0x3af5f0|0xa441d5|0x3af6c0|0xa1ccf0|0x206|
^addr:0xa485cc,size:2,opcodes:f7 d8 
*regs:0xfffdd7c1|0x5b0000|0x246|0x4c86ed|0x3af5f0|0xa441d5|0x3af6c0|0xa1ccf0|0x297|
^addr:0xa485ce,size:2,opcodes:33 d8 
*regs:0x2283f|0x5b0000|0x246|0x4c86ed|0x3af5f0|0xa441d5|0x3af6c0|0xa1ccf0|0x217|
^addr:0xa485d0,size:2,opcodes:85 d4 
*regs:0x2283f|0x5b0000|0x246|0x4eaed2|0x3af5f0|0xa441d5|0x3af6c0|0xa1ccf0|0x206|
^addr:0xa485d2,size:5,opcodes:66 81 fa bc 26 
*regs:0x2283f|0x5b0000|0x246|0x4eaed2|0x3af5f0|0xa441d5|0x3af6c0|0xa1ccf0|0x202|
^addr:0xa485d7,size:2,opcodes:03 f8 
*regs:0x2283f|0x5b0000|0x246|0x4eaed2|0x3af5f0|0xa441d5|0x3af6c0|0xa1ccf0|0x293|
^addr:0xa485d9,size:5,opcodes:e9 55 6c fe ff 
*regs:0x2283f|0x5b0000|0x246|0x4eaed2|0x3af5f0|0xa441d5|0x3af6c0|0xa3f52f|0x202|
^addr:0xa2f233,size:2,opcodes:ff e7 
*regs:0x2283f|0x5b0000|0x246|0x4eaed2|0x3af5f0|0xa441d5|0x3af6c0|0xa3f52f|0x202|
^addr:0xa3f52f,size:2,opcodes:8b 16 
*regs:0x2283f|0x5b0000|0x246|0x4eaed2|0x3af5f0|0xa441d5|0x3af6c0|0xa3f52f|0x202|
*mem_addr:0x3af6c0,mem_val:0x3af7a8,mem_size:4
^addr:0xa3f531,size:4,opcodes:66 05 83 26 
*regs:0x2283f|0x5b0000|0x3af7a8|0x4eaed2|0x3af5f0|0xa441d5|0x3af6c0|0xa3f52f|0x202|
^addr:0xa3f535,size:6,opcodes:8d b6 04 00 00 00 
*regs:0x24ec2|0x5b0000|0x3af7a8|0x4eaed2|0x3af5f0|0xa441d5|0x3af6c0|0xa3f52f|0x212|
^addr:0xa3f53b,size:3,opcodes:66 0b c2 
*regs:0x24ec2|0x5b0000|0x3af7a8|0x4eaed2|0x3af5f0|0xa441d5|0x3af6c4|0xa3f52f|0x212|
^addr:0xa3f53e,size:2,opcodes:84 d1 
*regs:0x2ffea|0x5b0000|0x3af7a8|0x4eaed2|0x3af5f0|0xa441d5|0x3af6c4|0xa3f52f|0x282|
^addr:0xa3f540,size:3,opcodes:66 d3 f0 
*regs:0x2ffea|0x5b0000|0x3af7a8|0x4eaed2|0x3af5f0|0xa441d5|0x3af6c4|0xa3f52f|0x246|
^addr:0xa3f543,size:5,opcodes:0f b6 44 25 00 
*regs:0x2ffea|0x5b0000|0x3af7a8|0x4eaed2|0x3af5f0|0xa441d5|0x3af6c4|0xa3f52f|0x246|
*mem_addr:0xa441d5,mem_val:0x35,mem_size:1
^addr:0xa3f548,size:6,opcodes:8d ad 01 00 00 00 
*regs:0x35|0x5b0000|0x3af7a8|0x4eaed2|0x3af5f0|0xa441d5|0x3af6c4|0xa3f52f|0x246|
^addr:0xa3f54e,size:2,opcodes:32 c3 
*regs:0x35|0x5b0000|0x3af7a8|0x4eaed2|0x3af5f0|0xa441d6|0x3af6c4|0xa3f52f|0x246|
^addr:0xa3f550,size:1,opcodes:f5 
*regs:0xe7|0x5b0000|0x3af7a8|0x4eaed2|0x3af5f0|0xa441d6|0x3af6c4|0xa3f52f|0x286|
^addr:0xa3f551,size:5,opcodes:e9 88 94 01 00 
*regs:0xe7|0x5b0000|0x3af7a8|0x4eaed2|0x3af5f0|0xa441d6|0x3af6c4|0xa3f52f|0x287|
^addr:0xa589de,size:2,opcodes:d0 c0 
*regs:0xe7|0x5b0000|0x3af7a8|0x4eaed2|0x3af5f0|0xa441d6|0x3af6c4|0xa3f52f|0x287|
^addr:0xa589e0,size:1,opcodes:f8 
*regs:0xcf|0x5b0000|0x3af7a8|0x4eaed2|0x3af5f0|0xa441d6|0x3af6c4|0xa3f52f|0x287|
^addr:0xa589e1,size:2,opcodes:f6 d8 
*regs:0xcf|0x5b0000|0x3af7a8|0x4eaed2|0x3af5f0|0xa441d6|0x3af6c4|0xa3f52f|0x286|
^addr:0xa589e3,size:2,opcodes:f6 d0 
*regs:0x31|0x5b0000|0x3af7a8|0x4eaed2|0x3af5f0|0xa441d6|0x3af6c4|0xa3f52f|0x213|
^addr:0xa589e5,size:5,opcodes:e9 77 b0 f7 ff 
*regs:0xce|0x5b0000|0x3af7a8|0x4eaed2|0x3af5f0|0xa441d6|0x3af6c4|0xa3f52f|0x213|
^addr:0x9d3a61,size:2,opcodes:fe c0 
*regs:0xce|0x5b0000|0x3af7a8|0x4eaed2|0x3af5f0|0xa441d6|0x3af6c4|0xa3f52f|0x213|
^addr:0x9d3a63,size:1,opcodes:f8 
*regs:0xcf|0x5b0000|0x3af7a8|0x4eaed2|0x3af5f0|0xa441d6|0x3af6c4|0xa3f52f|0x287|
^addr:0x9d3a64,size:5,opcodes:66 f7 c6 86 15 
*regs:0xcf|0x5b0000|0x3af7a8|0x4eaed2|0x3af5f0|0xa441d6|0x3af6c4|0xa3f52f|0x286|
^addr:0x9d3a69,size:2,opcodes:f6 d0 
*regs:0xcf|0x5b0000|0x3af7a8|0x4eaed2|0x3af5f0|0xa441d6|0x3af6c4|0xa3f52f|0x206|
^addr:0x9d3a6b,size:2,opcodes:32 d8 
*regs:0x30|0x5b0000|0x3af7a8|0x4eaed2|0x3af5f0|0xa441d6|0x3af6c4|0xa3f52f|0x206|
^addr:0x9d3a6d,size:5,opcodes:e9 16 c6 00 00 
*regs:0x30|0x5b0000|0x3af7a8|0x4eaee2|0x3af5f0|0xa441d6|0x3af6c4|0xa3f52f|0x286|
^addr:0x9e0088,size:3,opcodes:89 14 04 
*regs:0x30|0x5b0000|0x3af7a8|0x4eaee2|0x3af5f0|0xa441d6|0x3af6c4|0xa3f52f|0x286|
^addr:0x9e008b,size:3,opcodes:0f bd c5 
*regs:0x30|0x5b0000|0x3af7a8|0x4eaee2|0x3af5f0|0xa441d6|0x3af6c4|0xa3f52f|0x286|
^addr:0x9e008e,size:3,opcodes:0f b7 c0 
*regs:0x17|0x5b0000|0x3af7a8|0x4eaee2|0x3af5f0|0xa441d6|0x3af6c4|0xa3f52f|0x206|
^addr:0x9e0091,size:2,opcodes:3b cd 
*regs:0x17|0x5b0000|0x3af7a8|0x4eaee2|0x3af5f0|0xa441d6|0x3af6c4|0xa3f52f|0x206|
^addr:0x9e0093,size:4,opcodes:8b 44 25 00 
*regs:0x17|0x5b0000|0x3af7a8|0x4eaee2|0x3af5f0|0xa441d6|0x3af6c4|0xa3f52f|0x293|
*mem_addr:0xa441d6,mem_val:0xb152ef99,mem_size:4
^addr:0x9e0097,size:6,opcodes:81 c5 04 00 00 00 
*regs:0xb152ef99|0x5b0000|0x3af7a8|0x4eaee2|0x3af5f0|0xa441d6|0x3af6c4|0xa3f52f|0x293|
^addr:0x9e009d,size:3,opcodes:66 85 fe 
*regs:0xb152ef99|0x5b0000|0x3af7a8|0x4eaee2|0x3af5f0|0xa441da|0x3af6c4|0xa3f52f|0x202|
^addr:0x9e00a0,size:5,opcodes:66 81 fc c7 0c 
*regs:0xb152ef99|0x5b0000|0x3af7a8|0x4eaee2|0x3af5f0|0xa441da|0x3af6c4|0xa3f52f|0x282|
^addr:0x9e00a5,size:2,opcodes:33 c3 
*regs:0xb152ef99|0x5b0000|0x3af7a8|0x4eaee2|0x3af5f0|0xa441da|0x3af6c4|0xa3f52f|0x292|
^addr:0x9e00a7,size:5,opcodes:e9 b9 b8 06 00 
*regs:0xb11c417b|0x5b0000|0x3af7a8|0x4eaee2|0x3af5f0|0xa441da|0x3af6c4|0xa3f52f|0x286|
^addr:0xa4b965,size:2,opcodes:f7 d8 
*regs:0xb11c417b|0x5b0000|0x3af7a8|0x4eaee2|0x3af5f0|0xa441da|0x3af6c4|0xa3f52f|0x286|
^addr:0xa4b967,size:6,opcodes:8d 80 fd 1c 2d 0d 
*regs:0x4ee3be85|0x5b0000|0x3af7a8|0x4eaee2|0x3af5f0|0xa441da|0x3af6c4|0xa3f52f|0x213|
^addr:0xa4b96d,size:1,opcodes:f9 
*regs:0x5c10db82|0x5b0000|0x3af7a8|0x4eaee2|0x3af5f0|0xa441da|0x3af6c4|0xa3f52f|0x213|
^addr:0xa4b96e,size:2,opcodes:f7 d0 
*regs:0x5c10db82|0x5b0000|0x3af7a8|0x4eaee2|0x3af5f0|0xa441da|0x3af6c4|0xa3f52f|0x213|
^addr:0xa4b970,size:5,opcodes:05 55 4e 12 5c 
*regs:0xa3ef247d|0x5b0000|0x3af7a8|0x4eaee2|0x3af5f0|0xa441da|0x3af6c4|0xa3f52f|0x213|
^addr:0xa4b975,size:1,opcodes:f9 
*regs:0x172d2|0x5b0000|0x3af7a8|0x4eaee2|0x3af5f0|0xa441da|0x3af6c4|0xa3f52f|0x217|
^addr:0xa4b976,size:2,opcodes:f7 d8 
*regs:0x172d2|0x5b0000|0x3af7a8|0x4eaee2|0x3af5f0|0xa441da|0x3af6c4|0xa3f52f|0x217|
^addr:0xa4b978,size:1,opcodes:f9 
*regs:0xfffe8d2e|0x5b0000|0x3af7a8|0x4eaee2|0x3af5f0|0xa441da|0x3af6c4|0xa3f52f|0x297|
^addr:0xa4b979,size:1,opcodes:f5 
*regs:0xfffe8d2e|0x5b0000|0x3af7a8|0x4eaee2|0x3af5f0|0xa441da|0x3af6c4|0xa3f52f|0x297|
^addr:0xa4b97a,size:2,opcodes:33 d8 
*regs:0xfffe8d2e|0x5b0000|0x3af7a8|0x4eaee2|0x3af5f0|0xa441da|0x3af6c4|0xa3f52f|0x296|
^addr:0xa4b97c,size:1,opcodes:f8 
*regs:0xfffe8d2e|0x5b0000|0x3af7a8|0xffb023cc|0x3af5f0|0xa441da|0x3af6c4|0xa3f52f|0x286|
^addr:0xa4b97d,size:2,opcodes:03 f8 
*regs:0xfffe8d2e|0x5b0000|0x3af7a8|0xffb023cc|0x3af5f0|0xa441da|0x3af6c4|0xa3f52f|0x286|
^addr:0xa4b97f,size:5,opcodes:e9 d3 89 f9 ff 
*regs:0xfffe8d2e|0x5b0000|0x3af7a8|0xffb023cc|0x3af5f0|0xa441da|0x3af6c4|0xa2825d|0x213|
^addr:0x9e4357,size:1,opcodes:57 
*regs:0xfffe8d2e|0x5b0000|0x3af7a8|0xffb023cc|0x3af5f0|0xa441da|0x3af6c4|0xa2825d|0x213|
^addr:0x9e4358,size:1,opcodes:c3 
*regs:0xfffe8d2e|0x5b0000|0x3af7a8|0xffb023cc|0x3af5ec|0xa441da|0x3af6c4|0xa2825d|0x213|
*mem_addr:0x3af5ec,mem_val:0xa2825d,mem_size:4
^addr:0xa2825d,size:2,opcodes:8b 16 
*regs:0xfffe8d2e|0x5b0000|0x3af7a8|0xffb023cc|0x3af5f0|0xa441da|0x3af6c4|0xa2825d|0x213|
*mem_addr:0x3af6c4,mem_val:0x1,mem_size:4
^addr:0xa2825f,size:3,opcodes:c0 f0 80 
*regs:0xfffe8d2e|0x5b0000|0x1|0xffb023cc|0x3af5f0|0xa441da|0x3af6c4|0xa2825d|0x213|
^addr:0xa28262,size:4,opcodes:66 0d 89 3a 
*regs:0xfffe8d2e|0x5b0000|0x1|0xffb023cc|0x3af5f0|0xa441da|0x3af6c4|0xa2825d|0x213|
^addr:0xa28266,size:3,opcodes:c6 c4 c7 
*regs:0xfffebfaf|0x5b0000|0x1|0xffb023cc|0x3af5f0|0xa441da|0x3af6c4|0xa2825d|0x286|
^addr:0xa28269,size:6,opcodes:8d b6 04 00 00 00 
*regs:0xfffec7af|0x5b0000|0x1|0xffb023cc|0x3af5f0|0xa441da|0x3af6c4|0xa2825d|0x286|
^addr:0xa2826f,size:2,opcodes:f7 d8 
*regs:0xfffec7af|0x5b0000|0x1|0xffb023cc|0x3af5f0|0xa441da|0x3af6c8|0xa2825d|0x286|
^addr:0xa28271,size:3,opcodes:c1 e0 f4 
*regs:0x13851|0x5b0000|0x1|0xffb023cc|0x3af5f0|0xa441da|0x3af6c8|0xa2825d|0x213|
^addr:0xa28274,size:5,opcodes:0f b6 44 25 00 
*regs:0x85100000|0x5b0000|0x1|0xffb023cc|0x3af5f0|0xa441da|0x3af6c8|0xa2825d|0x287|
*mem_addr:0xa441da,mem_val:0x39,mem_size:1
^addr:0xa28279,size:6,opcodes:8d ad 01 00 00 00 
*regs:0x39|0x5b0000|0x1|0xffb023cc|0x3af5f0|0xa441da|0x3af6c8|0xa2825d|0x287|
^addr:0xa2827f,size:3,opcodes:f6 c5 8a 
*regs:0x39|0x5b0000|0x1|0xffb023cc|0x3af5f0|0xa441db|0x3af6c8|0xa2825d|0x287|
^addr:0xa28282,size:1,opcodes:f9 
*regs:0x39|0x5b0000|0x1|0xffb023cc|0x3af5f0|0xa441db|0x3af6c8|0xa2825d|0x246|
^addr:0xa28283,size:2,opcodes:32 c3 
*regs:0x39|0x5b0000|0x1|0xffb023cc|0x3af5f0|0xa441db|0x3af6c8|0xa2825d|0x247|
^addr:0xa28285,size:1,opcodes:f5 
*regs:0xf5|0x5b0000|0x1|0xffb023cc|0x3af5f0|0xa441db|0x3af6c8|0xa2825d|0x286|
^addr:0xa28286,size:2,opcodes:d0 c0 
*regs:0xf5|0x5b0000|0x1|0xffb023cc|0x3af5f0|0xa441db|0x3af6c8|0xa2825d|0x287|
^addr:0xa28288,size:2,opcodes:3a e9 
*regs:0xeb|0x5b0000|0x1|0xffb023cc|0x3af5f0|0xa441db|0x3af6c8|0xa2825d|0x287|
^addr:0xa2828a,size:1,opcodes:f9 
*regs:0xeb|0x5b0000|0x1|0xffb023cc|0x3af5f0|0xa441db|0x3af6c8|0xa2825d|0x246|
^addr:0xa2828b,size:2,opcodes:f6 d8 
*regs:0xeb|0x5b0000|0x1|0xffb023cc|0x3af5f0|0xa441db|0x3af6c8|0xa2825d|0x247|
^addr:0xa2828d,size:2,opcodes:f6 d0 
*regs:0x15|0x5b0000|0x1|0xffb023cc|0x3af5f0|0xa441db|0x3af6c8|0xa2825d|0x213|
^addr:0xa2828f,size:5,opcodes:e9 3f 61 fc ff 
*regs:0xea|0x5b0000|0x1|0xffb023cc|0x3af5f0|0xa441db|0x3af6c8|0xa2825d|0x213|
^addr:0x9ee3d3,size:2,opcodes:fe c0 
*regs:0xea|0x5b0000|0x1|0xffb023cc|0x3af5f0|0xa441db|0x3af6c8|0xa2825d|0x213|
^addr:0x9ee3d5,size:2,opcodes:f6 d0 
*regs:0xeb|0x5b0000|0x1|0xffb023cc|0x3af5f0|0xa441db|0x3af6c8|0xa2825d|0x287|
^addr:0x9ee3d7,size:1,opcodes:f9 
*regs:0x14|0x5b0000|0x1|0xffb023cc|0x3af5f0|0xa441db|0x3af6c8|0xa2825d|0x287|
^addr:0x9ee3d8,size:2,opcodes:32 d8 
*regs:0x14|0x5b0000|0x1|0xffb023cc|0x3af5f0|0xa441db|0x3af6c8|0xa2825d|0x287|
^addr:0x9ee3da,size:3,opcodes:89 14 04 
*regs:0x14|0x5b0000|0x1|0xffb023d8|0x3af5f0|0xa441db|0x3af6c8|0xa2825d|0x286|
^addr:0x9ee3dd,size:3,opcodes:66 d3 e0 
*regs:0x14|0x5b0000|0x1|0xffb023d8|0x3af5f0|0xa441db|0x3af6c8|0xa2825d|0x286|
^addr:0x9ee3e0,size:5,opcodes:1d 98 23 24 08 
*regs:0x14|0x5b0000|0x1|0xffb023d8|0x3af5f0|0xa441db|0x3af6c8|0xa2825d|0x286|
^addr:0x9ee3e5,size:4,opcodes:8b 44 25 00 
*regs:0xf7dbdc7c|0x5b0000|0x1|0xffb023d8|0x3af5f0|0xa441db|0x3af6c8|0xa2825d|0x293|
*mem_addr:0xa441db,mem_val:0x4eae2b2b,mem_size:4
^addr:0x9ee3e9,size:2,opcodes:84 cc 
*regs:0x4eae2b2b|0x5b0000|0x1|0xffb023d8|0x3af5f0|0xa441db|0x3af6c8|0xa2825d|0x293|
^addr:0x9ee3eb,size:6,opcodes:8d ad 04 00 00 00 
*regs:0x4eae2b2b|0x5b0000|0x1|0xffb023d8|0x3af5f0|0xa441db|0x3af6c8|0xa2825d|0x246|
^addr:0x9ee3f1,size:2,opcodes:3b ec 
*regs:0x4eae2b2b|0x5b0000|0x1|0xffb023d8|0x3af5f0|0xa441df|0x3af6c8|0xa2825d|0x246|
^addr:0x9ee3f3,size:1,opcodes:f8 
*regs:0x4eae2b2b|0x5b0000|0x1|0xffb023d8|0x3af5f0|0xa441df|0x3af6c8|0xa2825d|0x202|
^addr:0x9ee3f4,size:2,opcodes:85 e0 
*regs:0x4eae2b2b|0x5b0000|0x1|0xffb023d8|0x3af5f0|0xa441df|0x3af6c8|0xa2825d|0x202|
^addr:0x9ee3f6,size:2,opcodes:33 c3 
*regs:0x4eae2b2b|0x5b0000|0x1|0xffb023d8|0x3af5f0|0xa441df|0x3af6c8|0xa2825d|0x202|
^addr:0x9ee3f8,size:1,opcodes:f8 
*regs:0xb11e08f3|0x5b0000|0x1|0xffb023d8|0x3af5f0|0xa441df|0x3af6c8|0xa2825d|0x286|
^addr:0x9ee3f9,size:2,opcodes:f7 d8 
*regs:0xb11e08f3|0x5b0000|0x1|0xffb023d8|0x3af5f0|0xa441df|0x3af6c8|0xa2825d|0x286|
^addr:0x9ee3fb,size:3,opcodes:f6 c3 e1 
*regs:0x4ee1f70d|0x5b0000|0x1|0xffb023d8|0x3af5f0|0xa441df|0x3af6c8|0xa2825d|0x213|
^addr:0x9ee3fe,size:5,opcodes:e9 24 1b ff ff 
*regs:0x4ee1f70d|0x5b0000|0x1|0xffb023d8|0x3af5f0|0xa441df|0x3af6c8|0xa2825d|0x286|
^addr:0x9dff27,size:6,opcodes:8d 80 fd 1c 2d 0d 
*regs:0x4ee1f70d|0x5b0000|0x1|0xffb023d8|0x3af5f0|0xa441df|0x3af6c8|0xa2825d|0x286|
^addr:0x9dff2d,size:4,opcodes:66 3d 42 47 
*regs:0x5c0f140a|0x5b0000|0x1|0xffb023d8|0x3af5f0|0xa441df|0x3af6c8|0xa2825d|0x286|
^addr:0x9dff31,size:1,opcodes:f5 
*regs:0x5c0f140a|0x5b0000|0x1|0xffb023d8|0x3af5f0|0xa441df|0x3af6c8|0xa2825d|0x283|
^addr:0x9dff32,size:2,opcodes:f7 d0 
*regs:0x5c0f140a|0x5b0000|0x1|0xffb023d8|0x3af5f0|0xa441df|0x3af6c8|0xa2825d|0x282|
^addr:0x9dff34,size:5,opcodes:e9 c1 c4 05 00 
*regs:0xa3f0ebf5|0x5b0000|0x1|0xffb023d8|0x3af5f0|0xa441df|0x3af6c8|0xa2825d|0x282|
^addr:0xa3c3fa,size:6,opcodes:8d 80 55 4e 12 5c 
*regs:0xa3f0ebf5|0x5b0000|0x1|0xffb023d8|0x3af5f0|0xa441df|0x3af6c8|0xa2825d|0x282|
^addr:0xa3c400,size:2,opcodes:f7 d8 
*regs:0x33a4a|0x5b0000|0x1|0xffb023d8|0x3af5f0|0xa441df|0x3af6c8|0xa2825d|0x282|
^addr:0xa3c402,size:1,opcodes:f5 
*regs:0xfffcc5b6|0x5b0000|0x1|0xffb023d8|0x3af5f0|0xa441df|0x3af6c8|0xa2825d|0x293|
^addr:0xa3c403,size:2,opcodes:33 d8 
*regs:0xfffcc5b6|0x5b0000|0x1|0xffb023d8|0x3af5f0|0xa441df|0x3af6c8|0xa2825d|0x292|
^addr:0xa3c405,size:2,opcodes:03 f8 
*regs:0xfffcc5b6|0x5b0000|0x1|0x4ce66e|0x3af5f0|0xa441df|0x3af6c8|0xa2825d|0x202|
^addr:0xa3c407,size:1,opcodes:57 
*regs:0xfffcc5b6|0x5b0000|0x1|0x4ce66e|0x3af5f0|0xa441df|0x3af6c8|0x9f4813|0x213|
^addr:0xa3c408,size:1,opcodes:c3 
*regs:0xfffcc5b6|0x5b0000|0x1|0x4ce66e|0x3af5ec|0xa441df|0x3af6c8|0x9f4813|0x213|
*mem_addr:0x3af5ec,mem_val:0x9f4813,mem_size:4
^addr:0x9f4813,size:2,opcodes:8b 16 
*regs:0xfffcc5b6|0x5b0000|0x1|0x4ce66e|0x3af5f0|0xa441df|0x3af6c8|0x9f4813|0x213|
*mem_addr:0x3af6c8,mem_val:0x3af7a8,mem_size:4
^addr:0x9f4815,size:1,opcodes:40 
*regs:0xfffcc5b6|0x5b0000|0x3af7a8|0x4ce66e|0x3af5f0|0xa441df|0x3af6c8|0x9f4813|0x213|
^addr:0x9f4816,size:2,opcodes:fe c8 
*regs:0xfffcc5b7|0x5b0000|0x3af7a8|0x4ce66e|0x3af5f0|0xa441df|0x3af6c8|0x9f4813|0x287|
^addr:0x9f4818,size:2,opcodes:2a c1 
*regs:0xfffcc5b6|0x5b0000|0x3af7a8|0x4ce66e|0x3af5f0|0xa441df|0x3af6c8|0x9f4813|0x283|
^addr:0x9f481a,size:6,opcodes:81 c6 04 00 00 00 
*regs:0xfffcc5b6|0x5b0000|0x3af7a8|0x4ce66e|0x3af5f0|0xa441df|0x3af6c8|0x9f4813|0x282|
^addr:0x9f4820,size:5,opcodes:a9 db 4e a8 12 
*regs:0xfffcc5b6|0x5b0000|0x3af7a8|0x4ce66e|0x3af5f0|0xa441df|0x3af6cc|0x9f4813|0x206|
^addr:0x9f4825,size:5,opcodes:0f b6 44 25 00 
*regs:0xfffcc5b6|0x5b0000|0x3af7a8|0x4ce66e|0x3af5f0|0xa441df|0x3af6cc|0x9f4813|0x202|
*mem_addr:0xa441df,mem_val:0x87,mem_size:1
^addr:0x9f482a,size:5,opcodes:66 f7 c2 fe 17 
*regs:0x87|0x5b0000|0x3af7a8|0x4ce66e|0x3af5f0|0xa441df|0x3af6cc|0x9f4813|0x202|
^addr:0x9f482f,size:1,opcodes:f5 
*regs:0x87|0x5b0000|0x3af7a8|0x4ce66e|0x3af5f0|0xa441df|0x3af6cc|0x9f4813|0x202|
^addr:0x9f4830,size:2,opcodes:3a da 
*regs:0x87|0x5b0000|0x3af7a8|0x4ce66e|0x3af5f0|0xa441df|0x3af6cc|0x9f4813|0x203|
^addr:0x9f4832,size:6,opcodes:81 c5 01 00 00 00 
*regs:0x87|0x5b0000|0x3af7a8|0x4ce66e|0x3af5f0|0xa441df|0x3af6cc|0x9f4813|0xa87|
^addr:0x9f4838,size:1,opcodes:f9 
*regs:0x87|0x5b0000|0x3af7a8|0x4ce66e|0x3af5f0|0xa441e0|0x3af6cc|0x9f4813|0x212|
^addr:0x9f4839,size:3,opcodes:80 f9 4a 
*regs:0x87|0x5b0000|0x3af7a8|0x4ce66e|0x3af5f0|0xa441e0|0x3af6cc|0x9f4813|0x213|
^addr:0x9f483c,size:2,opcodes:32 c3 
*regs:0x87|0x5b0000|0x3af7a8|0x4ce66e|0x3af5f0|0xa441e0|0x3af6cc|0x9f4813|0x293|
^addr:0x9f483e,size:1,opcodes:f5 
*regs:0xe9|0x5b0000|0x3af7a8|0x4ce66e|0x3af5f0|0xa441e0|0x3af6cc|0x9f4813|0x282|
^addr:0x9f483f,size:2,opcodes:d0 c0 
*regs:0xe9|0x5b0000|0x3af7a8|0x4ce66e|0x3af5f0|0xa441e0|0x3af6cc|0x9f4813|0x283|
^addr:0x9f4841,size:1,opcodes:f8 
*regs:0xd3|0x5b0000|0x3af7a8|0x4ce66e|0x3af5f0|0xa441e0|0x3af6cc|0x9f4813|0x283|
^addr:0x9f4842,size:6,opcodes:f7 c7 cb 1e 9b 6d 
*regs:0xd3|0x5b0000|0x3af7a8|0x4ce66e|0x3af5f0|0xa441e0|0x3af6cc|0x9f4813|0x282|
^addr:0x9f4848,size:2,opcodes:f6 d8 
*regs:0xd3|0x5b0000|0x3af7a8|0x4ce66e|0x3af5f0|0xa441e0|0x3af6cc|0x9f4813|0x206|
^addr:0x9f484a,size:5,opcodes:e9 a0 0f 06 00 
*regs:0x2d|0x5b0000|0x3af7a8|0x4ce66e|0x3af5f0|0xa441e0|0x3af6cc|0x9f4813|0x217|
^addr:0xa557ef,size:2,opcodes:f6 d0 
*regs:0x2d|0x5b0000|0x3af7a8|0x4ce66e|0x3af5f0|0xa441e0|0x3af6cc|0x9f4813|0x217|
^addr:0xa557f1,size:2,opcodes:fe c0 
*regs:0xd2|0x5b0000|0x3af7a8|0x4ce66e|0x3af5f0|0xa441e0|0x3af6cc|0x9f4813|0x217|
^addr:0xa557f3,size:2,opcodes:f6 d0 
*regs:0xd3|0x5b0000|0x3af7a8|0x4ce66e|0x3af5f0|0xa441e0|0x3af6cc|0x9f4813|0x283|
^addr:0xa557f5,size:2,opcodes:32 d8 
*regs:0x2c|0x5b0000|0x3af7a8|0x4ce66e|0x3af5f0|0xa441e0|0x3af6cc|0x9f4813|0x283|
^addr:0xa557f7,size:5,opcodes:e9 35 e4 fc ff 
*regs:0x2c|0x5b0000|0x3af7a8|0x4ce642|0x3af5f0|0xa441e0|0x3af6cc|0x9f4813|0x206|
^addr:0xa23c31,size:3,opcodes:89 14 04 
*regs:0x2c|0x5b0000|0x3af7a8|0x4ce642|0x3af5f0|0xa441e0|0x3af6cc|0x9f4813|0x206|
^addr:0xa23c34,size:2,opcodes:8b c0 
*regs:0x2c|0x5b0000|0x3af7a8|0x4ce642|0x3af5f0|0xa441e0|0x3af6cc|0x9f4813|0x206|
^addr:0xa23c36,size:4,opcodes:8b 44 25 00 
*regs:0x2c|0x5b0000|0x3af7a8|0x4ce642|0x3af5f0|0xa441e0|0x3af6cc|0x9f4813|0x206|
*mem_addr:0xa441e0,mem_val:0xb154cb65,mem_size:4
^addr:0xa23c3a,size:1,opcodes:f9 
*regs:0xb154cb65|0x5b0000|0x3af7a8|0x4ce642|0x3af5f0|0xa441e0|0x3af6cc|0x9f4813|0x206|
^addr:0xa23c3b,size:2,opcodes:85 e9 
*regs:0xb154cb65|0x5b0000|0x3af7a8|0x4ce642|0x3af5f0|0xa441e0|0x3af6cc|0x9f4813|0x207|
^addr:0xa23c3d,size:6,opcodes:81 c5 04 00 00 00 
*regs:0xb154cb65|0x5b0000|0x3af7a8|0x4ce642|0x3af5f0|0xa441e0|0x3af6cc|0x9f4813|0x246|
^addr:0xa23c43,size:3,opcodes:80 fc 0b 
*regs:0xb154cb65|0x5b0000|0x3af7a8|0x4ce642|0x3af5f0|0xa441e4|0x3af6cc|0x9f4813|0x206|
^addr:0xa23c46,size:2,opcodes:33 c3 
*regs:0xb154cb65|0x5b0000|0x3af7a8|0x4ce642|0x3af5f0|0xa441e4|0x3af6cc|0x9f4813|0x286|
^addr:0xa23c48,size:1,opcodes:f8 
*regs:0xb1182d27|0x5b0000|0x3af7a8|0x4ce642|0x3af5f0|0xa441e4|0x3af6cc|0x9f4813|0x286|
^addr:0xa23c49,size:2,opcodes:f7 d8 
*regs:0xb1182d27|0x5b0000|0x3af7a8|0x4ce642|0x3af5f0|0xa441e4|0x3af6cc|0x9f4813|0x286|
^addr:0xa23c4b,size:1,opcodes:f8 
*regs:0x4ee7d2d9|0x5b0000|0x3af7a8|0x4ce642|0x3af5f0|0xa441e4|0x3af6cc|0x9f4813|0x213|
^addr:0xa23c4c,size:4,opcodes:66 a9 17 37 
*regs:0x4ee7d2d9|0x5b0000|0x3af7a8|0x4ce642|0x3af5f0|0xa441e4|0x3af6cc|0x9f4813|0x212|
^addr:0xa23c50,size:5,opcodes:e9 08 02 ff ff 
*regs:0x4ee7d2d9|0x5b0000|0x3af7a8|0x4ce642|0x3af5f0|0xa441e4|0x3af6cc|0x9f4813|0x206|
^addr:0xa13e5d,size:5,opcodes:05 fd 1c 2d 0d 
*regs:0x4ee7d2d9|0x5b0000|0x3af7a8|0x4ce642|0x3af5f0|0xa441e4|0x3af6cc|0x9f4813|0x206|
^addr:0xa13e62,size:1,opcodes:f8 
*regs:0x5c14efd6|0x5b0000|0x3af7a8|0x4ce642|0x3af5f0|0xa441e4|0x3af6cc|0x9f4813|0x212|
^addr:0xa13e63,size:3,opcodes:f6 c1 f7 
*regs:0x5c14efd6|0x5b0000|0x3af7a8|0x4ce642|0x3af5f0|0xa441e4|0x3af6cc|0x9f4813|0x212|
^addr:0xa13e66,size:6,opcodes:81 fe c8 30 9a 72 
*regs:0x5c14efd6|0x5b0000|0x3af7a8|0x4ce642|0x3af5f0|0xa441e4|0x3af6cc|0x9f4813|0x246|
^addr:0xa13e6c,size:2,opcodes:f7 d0 
*regs:0x5c14efd6|0x5b0000|0x3af7a8|0x4ce642|0x3af5f0|0xa441e4|0x3af6cc|0x9f4813|0x283|
^addr:0xa13e6e,size:5,opcodes:e9 22 24 02 00 
*regs:0xa3eb1029|0x5b0000|0x3af7a8|0x4ce642|0x3af5f0|0xa441e4|0x3af6cc|0x9f4813|0x283|
^addr:0xa36295,size:6,opcodes:8d 80 55 4e 12 5c 
*regs:0xa3eb1029|0x5b0000|0x3af7a8|0x4ce642|0x3af5f0|0xa441e4|0x3af6cc|0x9f4813|0x283|
^addr:0xa3629b,size:5,opcodes:e9 5d 3e 00 00 
*regs:0xfffd5e7e|0x5b0000|0x3af7a8|0x4ce642|0x3af5f0|0xa441e4|0x3af6cc|0x9f4813|0x283|
^addr:0xa3a0fd,size:2,opcodes:f7 d8 
*regs:0xfffd5e7e|0x5b0000|0x3af7a8|0x4ce642|0x3af5f0|0xa441e4|0x3af6cc|0x9f4813|0x283|
^addr:0xa3a0ff,size:1,opcodes:f8 
*regs:0x2a182|0x5b0000|0x3af7a8|0x4ce642|0x3af5f0|0xa441e4|0x3af6cc|0x9f4813|0x217|
^addr:0xa3a100,size:3,opcodes:66 85 c7 
*regs:0x2a182|0x5b0000|0x3af7a8|0x4ce642|0x3af5f0|0xa441e4|0x3af6cc|0x9f4813|0x216|
^addr:0xa3a103,size:2,opcodes:33 d8 
*regs:0x2a182|0x5b0000|0x3af7a8|0x4ce642|0x3af5f0|0xa441e4|0x3af6cc|0x9f4813|0x202|
^addr:0xa3a105,size:5,opcodes:e9 b7 11 fc ff 
*regs:0x2a182|0x5b0000|0x3af7a8|0x4e47c0|0x3af5f0|0xa441e4|0x3af6cc|0x9f4813|0x206|
^addr:0x9fb2c1,size:2,opcodes:03 f8 
*regs:0x2a182|0x5b0000|0x3af7a8|0x4e47c0|0x3af5f0|0xa441e4|0x3af6cc|0x9f4813|0x206|
^addr:0x9fb2c3,size:5,opcodes:e9 30 79 00 00 
*regs:0x2a182|0x5b0000|0x3af7a8|0x4e47c0|0x3af5f0|0xa441e4|0x3af6cc|0xa1e995|0x206|
^addr:0xa02bf8,size:2,opcodes:ff e7 
*regs:0x2a182|0x5b0000|0x3af7a8|0x4e47c0|0x3af5f0|0xa441e4|0x3af6cc|0xa1e995|0x206|
^addr:0xa1e995,size:2,opcodes:8b 16 
*regs:0x2a182|0x5b0000|0x3af7a8|0x4e47c0|0x3af5f0|0xa441e4|0x3af6cc|0xa1e995|0x206|
*mem_addr:0x3af6cc,mem_val:0x446000,mem_size:4
^addr:0xa1e997,size:6,opcodes:8d b6 04 00 00 00 
*regs:0x2a182|0x5b0000|0x446000|0x4e47c0|0x3af5f0|0xa441e4|0x3af6cc|0xa1e995|0x206|
^addr:0xa1e99d,size:4,opcodes:0f ba f8 15 
*regs:0x2a182|0x5b0000|0x446000|0x4e47c0|0x3af5f0|0xa441e4|0x3af6d0|0xa1e995|0x206|
^addr:0xa1e9a1,size:5,opcodes:0d 96 70 82 7a 
*regs:0x22a182|0x5b0000|0x446000|0x4e47c0|0x3af5f0|0xa441e4|0x3af6d0|0xa1e995|0x206|
^addr:0xa1e9a6,size:5,opcodes:0f b6 44 25 00 
*regs:0x7aa2f196|0x5b0000|0x446000|0x4e47c0|0x3af5f0|0xa441e4|0x3af6d0|0xa1e995|0x206|
*mem_addr:0xa441e4,mem_val:0x3b,mem_size:1
^addr:0xa1e9ab,size:6,opcodes:81 c5 01 00 00 00 
*regs:0x3b|0x5b0000|0x446000|0x4e47c0|0x3af5f0|0xa441e4|0x3af6d0|0xa1e995|0x206|
^addr:0xa1e9b1,size:1,opcodes:f5 
*regs:0x3b|0x5b0000|0x446000|0x4e47c0|0x3af5f0|0xa441e5|0x3af6d0|0xa1e995|0x202|
^addr:0xa1e9b2,size:5,opcodes:66 81 fc 14 39 
*regs:0x3b|0x5b0000|0x446000|0x4e47c0|0x3af5f0|0xa441e5|0x3af6d0|0xa1e995|0x203|
^addr:0xa1e9b7,size:2,opcodes:32 c3 
*regs:0x3b|0x5b0000|0x446000|0x4e47c0|0x3af5f0|0xa441e5|0x3af6d0|0xa1e995|0x292|
^addr:0xa1e9b9,size:5,opcodes:e9 d2 22 00 00 
*regs:0xfb|0x5b0000|0x446000|0x4e47c0|0x3af5f0|0xa441e5|0x3af6d0|0xa1e995|0x282|
^addr:0xa20c90,size:2,opcodes:d0 c0 
*regs:0xfb|0x5b0000|0x446000|0x4e47c0|0x3af5f0|0xa441e5|0x3af6d0|0xa1e995|0x282|
^addr:0xa20c92,size:2,opcodes:3b fb 
*regs:0xf7|0x5b0000|0x446000|0x4e47c0|0x3af5f0|0xa441e5|0x3af6d0|0xa1e995|0x283|
^addr:0xa20c94,size:2,opcodes:f6 d8 
*regs:0xf7|0x5b0000|0x446000|0x4e47c0|0x3af5f0|0xa441e5|0x3af6d0|0xa1e995|0x202|
^addr:0xa20c96,size:5,opcodes:e9 8f 8f 02 00 
*regs:0x9|0x5b0000|0x446000|0x4e47c0|0x3af5f0|0xa441e5|0x3af6d0|0xa1e995|0x217|
^addr:0xa49c2a,size:2,opcodes:f6 d0 
*regs:0x9|0x5b0000|0x446000|0x4e47c0|0x3af5f0|0xa441e5|0x3af6d0|0xa1e995|0x217|
^addr:0xa49c2c,size:2,opcodes:fe c0 
*regs:0xf6|0x5b0000|0x446000|0x4e47c0|0x3af5f0|0xa441e5|0x3af6d0|0xa1e995|0x217|
^addr:0xa49c2e,size:3,opcodes:66 3b d6 
*regs:0xf7|0x5b0000|0x446000|0x4e47c0|0x3af5f0|0xa441e5|0x3af6d0|0xa1e995|0x283|
^addr:0xa49c31,size:2,opcodes:f6 d0 
*regs:0xf7|0x5b0000|0x446000|0x4e47c0|0x3af5f0|0xa441e5|0x3af6d0|0xa1e995|0x207|
^addr:0xa49c33,size:6,opcodes:f7 c5 3c 5a 30 2d 
*regs:0x8|0x5b0000|0x446000|0x4e47c0|0x3af5f0|0xa441e5|0x3af6d0|0xa1e995|0x207|
^addr:0xa49c39,size:2,opcodes:32 d8 
*regs:0x8|0x5b0000|0x446000|0x4e47c0|0x3af5f0|0xa441e5|0x3af6d0|0xa1e995|0x206|
^addr:0xa49c3b,size:3,opcodes:89 14 04 
*regs:0x8|0x5b0000|0x446000|0x4e47c8|0x3af5f0|0xa441e5|0x3af6d0|0xa1e995|0x282|
^addr:0xa49c3e,size:4,opcodes:8b 44 25 00 
*regs:0x8|0x5b0000|0x446000|0x4e47c8|0x3af5f0|0xa441e5|0x3af6d0|0xa1e995|0x282|
*mem_addr:0xa441e5,mem_val:0xb15213ad,mem_size:4
^addr:0xa49c42,size:6,opcodes:81 c5 04 00 00 00 
*regs:0xb15213ad|0x5b0000|0x446000|0x4e47c8|0x3af5f0|0xa441e5|0x3af6d0|0xa1e995|0x282|
^addr:0xa49c48,size:3,opcodes:66 3b e6 
*regs:0xb15213ad|0x5b0000|0x446000|0x4e47c8|0x3af5f0|0xa441e9|0x3af6d0|0xa1e995|0x202|
^addr:0xa49c4b,size:5,opcodes:66 81 ff 61 6e 
*regs:0xb15213ad|0x5b0000|0x446000|0x4e47c8|0x3af5f0|0xa441e9|0x3af6d0|0xa1e995|0x283|
^addr:0xa49c50,size:5,opcodes:a9 c9 11 8e 7d 
*regs:0xb15213ad|0x5b0000|0x446000|0x4e47c8|0x3af5f0|0xa441e9|0x3af6d0|0xa1e995|0xa02|
^addr:0xa49c55,size:2,opcodes:33 c3 
*regs:0xb15213ad|0x5b0000|0x446000|0x4e47c8|0x3af5f0|0xa441e9|0x3af6d0|0xa1e995|0x202|
^addr:0xa49c57,size:3,opcodes:66 85 e1 
*regs:0xb11c5465|0x5b0000|0x446000|0x4e47c8|0x3af5f0|0xa441e9|0x3af6d0|0xa1e995|0x286|
^addr:0xa49c5a,size:2,opcodes:f7 d8 
*regs:0xb11c5465|0x5b0000|0x446000|0x4e47c8|0x3af5f0|0xa441e9|0x3af6d0|0xa1e995|0x246|
^addr:0xa49c5c,size:3,opcodes:66 3b fa 
*regs:0x4ee3ab9b|0x5b0000|0x446000|0x4e47c8|0x3af5f0|0xa441e9|0x3af6d0|0xa1e995|0x213|
^addr:0xa49c5f,size:1,opcodes:f5 
*regs:0x4ee3ab9b|0x5b0000|0x446000|0x4e47c8|0x3af5f0|0xa441e9|0x3af6d0|0xa1e995|0x286|
^addr:0xa49c60,size:5,opcodes:05 fd 1c 2d 0d 
*regs:0x4ee3ab9b|0x5b0000|0x446000|0x4e47c8|0x3af5f0|0xa441e9|0x3af6d0|0xa1e995|0x287|
^addr:0xa49c65,size:5,opcodes:e9 cf 33 f9 ff 
*regs:0x5c10c898|0x5b0000|0x446000|0x4e47c8|0x3af5f0|0xa441e9|0x3af6d0|0xa1e995|0x212|
^addr:0x9dd039,size:2,opcodes:f7 d0 
*regs:0x5c10c898|0x5b0000|0x446000|0x4e47c8|0x3af5f0|0xa441e9|0x3af6d0|0xa1e995|0x212|
^addr:0x9dd03b,size:5,opcodes:05 55 4e 12 5c 
*regs:0xa3ef3767|0x5b0000|0x446000|0x4e47c8|0x3af5f0|0xa441e9|0x3af6d0|0xa1e995|0x212|
^addr:0x9dd040,size:3,opcodes:f6 c4 cf 
*regs:0x185bc|0x5b0000|0x446000|0x4e47c8|0x3af5f0|0xa441e9|0x3af6d0|0xa1e995|0x203|
^addr:0x9dd043,size:2,opcodes:f7 d8 
*regs:0x185bc|0x5b0000|0x446000|0x4e47c8|0x3af5f0|0xa441e9|0x3af6d0|0xa1e995|0x282|
^addr:0x9dd045,size:5,opcodes:66 f7 c6 c7 75 
*regs:0xfffe7a44|0x5b0000|0x446000|0x4e47c8|0x3af5f0|0xa441e9|0x3af6d0|0xa1e995|0x297|
^addr:0x9dd04a,size:2,opcodes:33 d8 
*regs:0xfffe7a44|0x5b0000|0x446000|0x4e47c8|0x3af5f0|0xa441e9|0x3af6d0|0xa1e995|0x206|
^addr:0x9dd04c,size:2,opcodes:3b e3 
*regs:0xfffe7a44|0x5b0000|0x446000|0xffb03d8c|0x3af5f0|0xa441e9|0x3af6d0|0xa1e995|0x282|
^addr:0x9dd04e,size:3,opcodes:66 85 e8 
*regs:0xfffe7a44|0x5b0000|0x446000|0xffb03d8c|0x3af5f0|0xa441e9|0x3af6d0|0xa1e995|0x213|
^addr:0x9dd051,size:2,opcodes:03 f8 
*regs:0xfffe7a44|0x5b0000|0x446000|0xffb03d8c|0x3af5f0|0xa441e9|0x3af6d0|0xa1e995|0x202|
^addr:0x9dd053,size:5,opcodes:e9 ad d8 02 00 
*regs:0xfffe7a44|0x5b0000|0x446000|0xffb03d8c|0x3af5f0|0xa441e9|0x3af6d0|0xa063d9|0x203|
^addr:0xa0a905,size:1,opcodes:57 
*regs:0xfffe7a44|0x5b0000|0x446000|0xffb03d8c|0x3af5f0|0xa441e9|0x3af6d0|0xa063d9|0x203|
^addr:0xa0a906,size:1,opcodes:c3 
*regs:0xfffe7a44|0x5b0000|0x446000|0xffb03d8c|0x3af5ec|0xa441e9|0x3af6d0|0xa063d9|0x203|
*mem_addr:0x3af5ec,mem_val:0xa063d9,mem_size:4
^addr:0xa063d9,size:2,opcodes:8b 16 
*regs:0xfffe7a44|0x5b0000|0x446000|0xffb03d8c|0x3af5f0|0xa441e9|0x3af6d0|0xa063d9|0x203|
*mem_addr:0x3af6d0,mem_val:0xcccccccc,mem_size:4
^addr:0xa063db,size:3,opcodes:0f c1 c0 
*regs:0xfffe7a44|0x5b0000|0xcccccccc|0xffb03d8c|0x3af5f0|0xa441e9|0x3af6d0|0xa063d9|0x203|
^addr:0xa063de,size:3,opcodes:66 3b e1 
*regs:0xfffcf488|0x5b0000|0xcccccccc|0xffb03d8c|0x3af5f0|0xa441e9|0x3af6d0|0xa063d9|0x287|
^addr:0xa063e1,size:5,opcodes:66 81 fc 45 32 
*regs:0xfffcf488|0x5b0000|0xcccccccc|0xffb03d8c|0x3af5f0|0xa441e9|0x3af6d0|0xa063d9|0x286|
^addr:0xa063e6,size:6,opcodes:81 c6 04 00 00 00 
*regs:0xfffcf488|0x5b0000|0xcccccccc|0xffb03d8c|0x3af5f0|0xa441e9|0x3af6d0|0xa063d9|0x292|
^addr:0xa063ec,size:4,opcodes:66 c1 f0 8e 
*regs:0xfffcf488|0x5b0000|0xcccccccc|0xffb03d8c|0x3af5f0|0xa441e9|0x3af6d4|0xa063d9|0x206|
^addr:0xa063f0,size:1,opcodes:f5 
*regs:0xfffc0000|0x5b0000|0xcccccccc|0xffb03d8c|0x3af5f0|0xa441e9|0x3af6d4|0xa063d9|0x246|
^addr:0xa063f1,size:5,opcodes:0f b6 44 25 00 
*regs:0xfffc0000|0x5b0000|0xcccccccc|0xffb03d8c|0x3af5f0|0xa441e9|0x3af6d4|0xa063d9|0x247|
*mem_addr:0xa441e9,mem_val:0x75,mem_size:1
^addr:0xa063f6,size:2,opcodes:3b e9 
*regs:0x75|0x5b0000|0xcccccccc|0xffb03d8c|0x3af5f0|0xa441e9|0x3af6d4|0xa063d9|0x247|
^addr:0xa063f8,size:1,opcodes:f9 
*regs:0x75|0x5b0000|0xcccccccc|0xffb03d8c|0x3af5f0|0xa441e9|0x3af6d4|0xa063d9|0x202|
^addr:0xa063f9,size:5,opcodes:66 81 fc 09 7e 
*regs:0x75|0x5b0000|0xcccccccc|0xffb03d8c|0x3af5f0|0xa441e9|0x3af6d4|0xa063d9|0x203|
^addr:0xa063fe,size:6,opcodes:81 c5 01 00 00 00 
*regs:0x75|0x5b0000|0xcccccccc|0xffb03d8c|0x3af5f0|0xa441e9|0x3af6d4|0xa063d9|0xa16|
^addr:0xa06404,size:3,opcodes:66 3b e2 
*regs:0x75|0x5b0000|0xcccccccc|0xffb03d8c|0x3af5f0|0xa441ea|0x3af6d4|0xa063d9|0x202|
^addr:0xa06407,size:5,opcodes:e9 69 d6 fd ff 
*regs:0x75|0x5b0000|0xcccccccc|0xffb03d8c|0x3af5f0|0xa441ea|0x3af6d4|0xa063d9|0x216|
^addr:0x9e3a75,size:2,opcodes:32 c3 
*regs:0x75|0x5b0000|0xcccccccc|0xffb03d8c|0x3af5f0|0xa441ea|0x3af6d4|0xa063d9|0x216|
^addr:0x9e3a77,size:1,opcodes:f5 
*regs:0xf9|0x5b0000|0xcccccccc|0xffb03d8c|0x3af5f0|0xa441ea|0x3af6d4|0xa063d9|0x286|
^addr:0x9e3a78,size:5,opcodes:e9 0b 95 00 00 
*regs:0xf9|0x5b0000|0xcccccccc|0xffb03d8c|0x3af5f0|0xa441ea|0x3af6d4|0xa063d9|0x287|
^addr:0x9ecf88,size:2,opcodes:d0 c0 
*regs:0xf9|0x5b0000|0xcccccccc|0xffb03d8c|0x3af5f0|0xa441ea|0x3af6d4|0xa063d9|0x287|
^addr:0x9ecf8a,size:1,opcodes:f9 
*regs:0xf3|0x5b0000|0xcccccccc|0xffb03d8c|0x3af5f0|0xa441ea|0x3af6d4|0xa063d9|0x287|
^addr:0x9ecf8b,size:2,opcodes:f6 d8 
*regs:0xf3|0x5b0000|0xcccccccc|0xffb03d8c|0x3af5f0|0xa441ea|0x3af6d4|0xa063d9|0x287|
^addr:0x9ecf8d,size:5,opcodes:e9 c1 c7 05 00 
*regs:0xd|0x5b0000|0xcccccccc|0xffb03d8c|0x3af5f0|0xa441ea|0x3af6d4|0xa063d9|0x213|
^addr:0xa49753,size:2,opcodes:f6 d0 
*regs:0xd|0x5b0000|0xcccccccc|0xffb03d8c|0x3af5f0|0xa441ea|0x3af6d4|0xa063d9|0x213|
^addr:0xa49755,size:5,opcodes:e9 f1 08 01 00 
*regs:0xf2|0x5b0000|0xcccccccc|0xffb03d8c|0x3af5f0|0xa441ea|0x3af6d4|0xa063d9|0x213|
^addr:0xa5a04b,size:2,opcodes:fe c0 
*regs:0xf2|0x5b0000|0xcccccccc|0xffb03d8c|0x3af5f0|0xa441ea|0x3af6d4|0xa063d9|0x213|
^addr:0xa5a04d,size:2,opcodes:f6 d0 
*regs:0xf3|0x5b0000|0xcccccccc|0xffb03d8c|0x3af5f0|0xa441ea|0x3af6d4|0xa063d9|0x287|
^addr:0xa5a04f,size:5,opcodes:e9 9a 32 fc ff 
*regs:0xc|0x5b0000|0xcccccccc|0xffb03d8c|0x3af5f0|0xa441ea|0x3af6d4|0xa063d9|0x287|
^addr:0xa1d2ee,size:2,opcodes:32 d8 
*regs:0xc|0x5b0000|0xcccccccc|0xffb03d8c|0x3af5f0|0xa441ea|0x3af6d4|0xa063d9|0x287|
^addr:0xa1d2f0,size:6,opcodes:81 ff 88 4c ee 4f 
*regs:0xc|0x5b0000|0xcccccccc|0xffb03d80|0x3af5f0|0xa441ea|0x3af6d4|0xa063d9|0x282|
^addr:0xa1d2f6,size:3,opcodes:89 14 04 
*regs:0xc|0x5b0000|0xcccccccc|0xffb03d80|0x3af5f0|0xa441ea|0x3af6d4|0xa063d9|0x283|
^addr:0xa1d2f9,size:4,opcodes:0f ba e0 dc 
*regs:0xc|0x5b0000|0xcccccccc|0xffb03d80|0x3af5f0|0xa441ea|0x3af6d4|0xa063d9|0x283|
^addr:0xa1d2fd,size:3,opcodes:0f b7 c2 
*regs:0xc|0x5b0000|0xcccccccc|0xffb03d80|0x3af5f0|0xa441ea|0x3af6d4|0xa063d9|0x282|
^addr:0xa1d300,size:2,opcodes:f6 d4 
*regs:0xcccc|0x5b0000|0xcccccccc|0xffb03d80|0x3af5f0|0xa441ea|0x3af6d4|0xa063d9|0x282|
^addr:0xa1d302,size:4,opcodes:8b 44 25 00 
*regs:0x33cc|0x5b0000|0xcccccccc|0xffb03d80|0x3af5f0|0xa441ea|0x3af6d4|0xa063d9|0x282|
*mem_addr:0xa441ea,mem_val:0x4eaad62f,mem_size:4
^addr:0xa1d306,size:5,opcodes:66 81 ff 1e 44 
*regs:0x4eaad62f|0x5b0000|0xcccccccc|0xffb03d80|0x3af5f0|0xa441ea|0x3af6d4|0xa063d9|0x282|
^addr:0xa1d30b,size:2,opcodes:3b e8 
*regs:0x4eaad62f|0x5b0000|0xcccccccc|0xffb03d80|0x3af5f0|0xa441ea|0x3af6d4|0xa063d9|0x216|
^addr:0xa1d30d,size:6,opcodes:8d ad 04 00 00 00 
*regs:0x4eaad62f|0x5b0000|0xcccccccc|0xffb03d80|0x3af5f0|0xa441ea|0x3af6d4|0xa063d9|0x297|
^addr:0xa1d313,size:2,opcodes:84 e1 
*regs:0x4eaad62f|0x5b0000|0xcccccccc|0xffb03d80|0x3af5f0|0xa441ee|0x3af6d4|0xa063d9|0x297|
^addr:0xa1d315,size:3,opcodes:66 3b de 
*regs:0x4eaad62f|0x5b0000|0xcccccccc|0xffb03d80|0x3af5f0|0xa441ee|0x3af6d4|0xa063d9|0x246|
^addr:0xa1d318,size:2,opcodes:33 c3 
*regs:0x4eaad62f|0x5b0000|0xcccccccc|0xffb03d80|0x3af5f0|0xa441ee|0x3af6d4|0xa063d9|0x217|
^addr:0xa1d31a,size:3,opcodes:f6 c5 55 
*regs:0xb11aebaf|0x5b0000|0xcccccccc|0xffb03d80|0x3af5f0|0xa441ee|0x3af6d4|0xa063d9|0x286|
^addr:0xa1d31d,size:1,opcodes:f5 
*regs:0xb11aebaf|0x5b0000|0xcccccccc|0xffb03d80|0x3af5f0|0xa441ee|0x3af6d4|0xa063d9|0x246|
^addr:0xa1d31e,size:2,opcodes:f7 d8 
*regs:0xb11aebaf|0x5b0000|0xcccccccc|0xffb03d80|0x3af5f0|0xa441ee|0x3af6d4|0xa063d9|0x247|
^addr:0xa1d320,size:5,opcodes:e9 4f ba fe ff 
*regs:0x4ee51451|0x5b0000|0xcccccccc|0xffb03d80|0x3af5f0|0xa441ee|0x3af6d4|0xa063d9|0x213|
^addr:0xa08d74,size:5,opcodes:05 fd 1c 2d 0d 
*regs:0x4ee51451|0x5b0000|0xcccccccc|0xffb03d80|0x3af5f0|0xa441ee|0x3af6d4|0xa063d9|0x213|
^addr:0xa08d79,size:3,opcodes:66 3b c3 
*regs:0x5c12314e|0x5b0000|0xcccccccc|0xffb03d80|0x3af5f0|0xa441ee|0x3af6d4|0xa063d9|0x206|
^addr:0xa08d7c,size:2,opcodes:f7 d0 
*regs:0x5c12314e|0x5b0000|0xcccccccc|0xffb03d80|0x3af5f0|0xa441ee|0x3af6d4|0xa063d9|0x283|
^addr:0xa08d7e,size:2,opcodes:3a eb 
*regs:0xa3edceb1|0x5b0000|0xcccccccc|0xffb03d80|0x3af5f0|0xa441ee|0x3af6d4|0xa063d9|0x283|
^addr:0xa08d80,size:5,opcodes:05 55 4e 12 5c 
*regs:0xa3edceb1|0x5b0000|0xcccccccc|0xffb03d80|0x3af5f0|0xa441ee|0x3af6d4|0xa063d9|0xa83|
^addr:0xa08d85,size:2,opcodes:3b c7 
*regs:0x1d06|0x5b0000|0xcccccccc|0xffb03d80|0x3af5f0|0xa441ee|0x3af6d4|0xa063d9|0x207|
^addr:0xa08d87,size:1,opcodes:f8 
*regs:0x1d06|0x5b0000|0xcccccccc|0xffb03d80|0x3af5f0|0xa441ee|0x3af6d4|0xa063d9|0x297|
^addr:0xa08d88,size:2,opcodes:f7 d8 
*regs:0x1d06|0x5b0000|0xcccccccc|0xffb03d80|0x3af5f0|0xa441ee|0x3af6d4|0xa063d9|0x296|
^addr:0xa08d8a,size:1,opcodes:f9 
*regs:0xffffe2fa|0x5b0000|0xcccccccc|0xffb03d80|0x3af5f0|0xa441ee|0x3af6d4|0xa063d9|0x297|
^addr:0xa08d8b,size:3,opcodes:80 ff 13 
*regs:0xffffe2fa|0x5b0000|0xcccccccc|0xffb03d80|0x3af5f0|0xa441ee|0x3af6d4|0xa063d9|0x297|
^addr:0xa08d8e,size:3,opcodes:f6 c5 9b 
*regs:0xffffe2fa|0x5b0000|0xcccccccc|0xffb03d80|0x3af5f0|0xa441ee|0x3af6d4|0xa063d9|0x202|
^addr:0xa08d91,size:2,opcodes:33 d8 
*regs:0xffffe2fa|0x5b0000|0xcccccccc|0xffb03d80|0x3af5f0|0xa441ee|0x3af6d4|0xa063d9|0x246|
^addr:0xa08d93,size:2,opcodes:85 ed 
*regs:0xffffe2fa|0x5b0000|0xcccccccc|0x4fdf7a|0x3af5f0|0xa441ee|0x3af6d4|0xa063d9|0x202|
^addr:0xa08d95,size:5,opcodes:66 81 fd 16 70 
*regs:0xffffe2fa|0x5b0000|0xcccccccc|0x4fdf7a|0x3af5f0|0xa441ee|0x3af6d4|0xa063d9|0x206|
^addr:0xa08d9a,size:2,opcodes:03 f8 
*regs:0xffffe2fa|0x5b0000|0xcccccccc|0x4fdf7a|0x3af5f0|0xa441ee|0x3af6d4|0xa063d9|0x287|
^addr:0xa08d9c,size:5,opcodes:e9 7e f3 01 00 
*regs:0xffffe2fa|0x5b0000|0xcccccccc|0x4fdf7a|0x3af5f0|0xa441ee|0x3af6d4|0xa046d3|0x213|
^addr:0xa2811f,size:1,opcodes:57 
*regs:0xffffe2fa|0x5b0000|0xcccccccc|0x4fdf7a|0x3af5f0|0xa441ee|0x3af6d4|0xa046d3|0x213|
^addr:0xa28120,size:1,opcodes:c3 
*regs:0xffffe2fa|0x5b0000|0xcccccccc|0x4fdf7a|0x3af5ec|0xa441ee|0x3af6d4|0xa046d3|0x213|
*mem_addr:0x3af5ec,mem_val:0xa046d3,mem_size:4
^addr:0xa046d3,size:2,opcodes:8b 16 
*regs:0xffffe2fa|0x5b0000|0xcccccccc|0x4fdf7a|0x3af5f0|0xa441ee|0x3af6d4|0xa046d3|0x213|
*mem_addr:0x3af6d4,mem_val:0x446000,mem_size:4
^addr:0xa046d5,size:3,opcodes:0f ab e8 
*regs:0xffffe2fa|0x5b0000|0x446000|0x4fdf7a|0x3af5f0|0xa441ee|0x3af6d4|0xa046d3|0x213|
^addr:0xa046d8,size:3,opcodes:80 f4 c2 
*regs:0xffffe2fa|0x5b0000|0x446000|0x4fdf7a|0x3af5f0|0xa441ee|0x3af6d4|0xa046d3|0x213|
^addr:0xa046db,size:3,opcodes:c1 e0 e0 
*regs:0xffff20fa|0x5b0000|0x446000|0x4fdf7a|0x3af5f0|0xa441ee|0x3af6d4|0xa046d3|0x202|
^addr:0xa046de,size:6,opcodes:81 c6 04 00 00 00 
*regs:0xffff20fa|0x5b0000|0x446000|0x4fdf7a|0x3af5f0|0xa441ee|0x3af6d4|0xa046d3|0x202|
^addr:0xa046e4,size:2,opcodes:f6 d4 
*regs:0xffff20fa|0x5b0000|0x446000|0x4fdf7a|0x3af5f0|0xa441ee|0x3af6d8|0xa046d3|0x206|
^addr:0xa046e6,size:4,opcodes:66 0f a3 c0 
*regs:0xffffdffa|0x5b0000|0x446000|0x4fdf7a|0x3af5f0|0xa441ee|0x3af6d8|0xa046d3|0x206|
^addr:0xa046ea,size:3,opcodes:c1 f8 bf 
*regs:0xffffdffa|0x5b0000|0x446000|0x4fdf7a|0x3af5f0|0xa441ee|0x3af6d8|0xa046d3|0x207|
^addr:0xa046ed,size:5,opcodes:0f b6 44 25 00 
*regs:0xffffffff|0x5b0000|0x446000|0x4fdf7a|0x3af5f0|0xa441ee|0x3af6d8|0xa046d3|0x287|
*mem_addr:0xa441ee,mem_val:0x89,mem_size:1
^addr:0xa046f2,size:1,opcodes:f9 
*regs:0x89|0x5b0000|0x446000|0x4fdf7a|0x3af5f0|0xa441ee|0x3af6d8|0xa046d3|0x287|
^addr:0xa046f3,size:1,opcodes:f8 
*regs:0x89|0x5b0000|0x446000|0x4fdf7a|0x3af5f0|0xa441ee|0x3af6d8|0xa046d3|0x287|
^addr:0xa046f4,size:6,opcodes:8d ad 01 00 00 00 
*regs:0x89|0x5b0000|0x446000|0x4fdf7a|0x3af5f0|0xa441ee|0x3af6d8|0xa046d3|0x286|
^addr:0xa046fa,size:3,opcodes:80 fc 04 
*regs:0x89|0x5b0000|0x446000|0x4fdf7a|0x3af5f0|0xa441ef|0x3af6d8|0xa046d3|0x286|
^addr:0xa046fd,size:5,opcodes:e9 39 67 ff ff 
*regs:0x89|0x5b0000|0x446000|0x4fdf7a|0x3af5f0|0xa441ef|0x3af6d8|0xa046d3|0x297|
^addr:0x9fae3b,size:2,opcodes:32 c3 
*regs:0x89|0x5b0000|0x446000|0x4fdf7a|0x3af5f0|0xa441ef|0x3af6d8|0xa046d3|0x297|
^addr:0x9fae3d,size:2,opcodes:d0 c0 
*regs:0xf3|0x5b0000|0x446000|0x4fdf7a|0x3af5f0|0xa441ef|0x3af6d8|0xa046d3|0x286|
^addr:0x9fae3f,size:1,opcodes:f8 
*regs:0xe7|0x5b0000|0x446000|0x4fdf7a|0x3af5f0|0xa441ef|0x3af6d8|0xa046d3|0x287|
^addr:0x9fae40,size:2,opcodes:f6 d8 
*regs:0xe7|0x5b0000|0x446000|0x4fdf7a|0x3af5f0|0xa441ef|0x3af6d8|0xa046d3|0x286|
^addr:0x9fae42,size:5,opcodes:e9 c2 69 fe ff 
*regs:0x19|0x5b0000|0x446000|0x4fdf7a|0x3af5f0|0xa441ef|0x3af6d8|0xa046d3|0x213|
^addr:0x9e1809,size:2,opcodes:f6 d0 
*regs:0x19|0x5b0000|0x446000|0x4fdf7a|0x3af5f0|0xa441ef|0x3af6d8|0xa046d3|0x213|
^addr:0x9e180b,size:2,opcodes:fe c0 
*regs:0xe6|0x5b0000|0x446000|0x4fdf7a|0x3af5f0|0xa441ef|0x3af6d8|0xa046d3|0x213|
^addr:0x9e180d,size:1,opcodes:f8 
*regs:0xe7|0x5b0000|0x446000|0x4fdf7a|0x3af5f0|0xa441ef|0x3af6d8|0xa046d3|0x287|
^addr:0x9e180e,size:6,opcodes:81 fe bb 56 57 58 
*regs:0xe7|0x5b0000|0x446000|0x4fdf7a|0x3af5f0|0xa441ef|0x3af6d8|0xa046d3|0x286|
^addr:0x9e1814,size:2,opcodes:f6 d0 
*regs:0xe7|0x5b0000|0x446000|0x4fdf7a|0x3af5f0|0xa441ef|0x3af6d8|0xa046d3|0x297|
^addr:0x9e1816,size:2,opcodes:3b c5 
*regs:0x18|0x5b0000|0x446000|0x4fdf7a|0x3af5f0|0xa441ef|0x3af6d8|0xa046d3|0x297|
^addr:0x9e1818,size:1,opcodes:f9 
*regs:0x18|0x5b0000|0x446000|0x4fdf7a|0x3af5f0|0xa441ef|0x3af6d8|0xa046d3|0x293|
^addr:0x9e1819,size:2,opcodes:32 d8 
*regs:0x18|0x5b0000|0x446000|0x4fdf7a|0x3af5f0|0xa441ef|0x3af6d8|0xa046d3|0x293|
^addr:0x9e181b,size:5,opcodes:66 f7 c1 c8 6b 
*regs:0x18|0x5b0000|0x446000|0x4fdf62|0x3af5f0|0xa441ef|0x3af6d8|0xa046d3|0x202|
^addr:0x9e1820,size:5,opcodes:66 81 fe f0 7a 
*regs:0x18|0x5b0000|0x446000|0x4fdf62|0x3af5f0|0xa441ef|0x3af6d8|0xa046d3|0x246|
^addr:0x9e1825,size:3,opcodes:89 14 04 
*regs:0x18|0x5b0000|0x446000|0x4fdf62|0x3af5f0|0xa441ef|0x3af6d8|0xa046d3|0xa06|
^addr:0x9e1828,size:4,opcodes:66 0f ab c0 
*regs:0x18|0x5b0000|0x446000|0x4fdf62|0x3af5f0|0xa441ef|0x3af6d8|0xa046d3|0xa06|
^addr:0x9e182c,size:4,opcodes:8b 44 25 00 
*regs:0x118|0x5b0000|0x446000|0x4fdf62|0x3af5f0|0xa441ef|0x3af6d8|0xa046d3|0xa06|
*mem_addr:0xa441ef,mem_val:0xb1554394,mem_size:4
^addr:0x9e1830,size:2,opcodes:3a fd 
*regs:0xb1554394|0x5b0000|0x446000|0x4fdf62|0x3af5f0|0xa441ef|0x3af6d8|0xa046d3|0xa06|
^addr:0x9e1832,size:1,opcodes:f9 
*regs:0xb1554394|0x5b0000|0x446000|0x4fdf62|0x3af5f0|0xa441ef|0x3af6d8|0xa046d3|0x282|
^addr:0x9e1833,size:6,opcodes:81 c5 04 00 00 00 
*regs:0xb1554394|0x5b0000|0x446000|0x4fdf62|0x3af5f0|0xa441ef|0x3af6d8|0xa046d3|0x283|
^addr:0x9e1839,size:2,opcodes:33 c3 
*regs:0xb1554394|0x5b0000|0x446000|0x4fdf62|0x3af5f0|0xa441f3|0x3af6d8|0xa046d3|0x216|
^addr:0x9e183b,size:2,opcodes:f7 d8 
*regs:0xb11a9cf6|0x5b0000|0x446000|0x4fdf62|0x3af5f0|0xa441f3|0x3af6d8|0xa046d3|0x286|
^addr:0x9e183d,size:5,opcodes:66 81 fa c0 6b 
*regs:0x4ee5630a|0x5b0000|0x446000|0x4fdf62|0x3af5f0|0xa441f3|0x3af6d8|0xa046d3|0x217|
^addr:0x9e1842,size:6,opcodes:8d 80 fd 1c 2d 0d 
*regs:0x4ee5630a|0x5b0000|0x446000|0x4fdf62|0x3af5f0|0xa441f3|0x3af6d8|0xa046d3|0x283|
^addr:0x9e1848,size:2,opcodes:f7 d0 
*regs:0x5c128007|0x5b0000|0x446000|0x4fdf62|0x3af5f0|0xa441f3|0x3af6d8|0xa046d3|0x283|
^addr:0x9e184a,size:1,opcodes:f5 
*regs:0xa3ed7ff8|0x5b0000|0x446000|0x4fdf62|0x3af5f0|0xa441f3|0x3af6d8|0xa046d3|0x283|
^addr:0x9e184b,size:6,opcodes:81 ff e3 0a 4d 6d 
*regs:0xa3ed7ff8|0x5b0000|0x446000|0x4fdf62|0x3af5f0|0xa441f3|0x3af6d8|0xa046d3|0x282|
^addr:0x9e1851,size:5,opcodes:05 55 4e 12 5c 
*regs:0xa3ed7ff8|0x5b0000|0x446000|0x4fdf62|0x3af5f0|0xa441f3|0x3af6d8|0xa046d3|0x287|
^addr:0x9e1856,size:6,opcodes:f7 c6 50 7a df 54 
*regs:0xffffce4d|0x5b0000|0x446000|0x4fdf62|0x3af5f0|0xa441f3|0x3af6d8|0xa046d3|0x286|
^addr:0x9e185c,size:2,opcodes:85 e5 
*regs:0xffffce4d|0x5b0000|0x446000|0x4fdf62|0x3af5f0|0xa441f3|0x3af6d8|0xa046d3|0x206|
^addr:0x9e185e,size:2,opcodes:f7 d8 
*regs:0xffffce4d|0x5b0000|0x446000|0x4fdf62|0x3af5f0|0xa441f3|0x3af6d8|0xa046d3|0x206|
^addr:0x9e1860,size:3,opcodes:66 3b ea 
*regs:0x31b3|0x5b0000|0x446000|0x4fdf62|0x3af5f0|0xa441f3|0x3af6d8|0xa046d3|0x213|
^addr:0x9e1863,size:1,opcodes:f9 
*regs:0x31b3|0x5b0000|0x446000|0x4fdf62|0x3af5f0|0xa441f3|0x3af6d8|0xa046d3|0x287|
^addr:0x9e1864,size:2,opcodes:33 d8 
*regs:0x31b3|0x5b0000|0x446000|0x4fdf62|0x3af5f0|0xa441f3|0x3af6d8|0xa046d3|0x287|
^addr:0x9e1866,size:3,opcodes:66 85 dc 
*regs:0x31b3|0x5b0000|0x446000|0x4feed1|0x3af5f0|0xa441f3|0x3af6d8|0xa046d3|0x206|
^addr:0x9e1869,size:6,opcodes:81 fc ba 09 ef 52 
*regs:0x31b3|0x5b0000|0x446000|0x4feed1|0x3af5f0|0xa441f3|0x3af6d8|0xa046d3|0x282|
^addr:0x9e186f,size:2,opcodes:03 f8 
*regs:0x31b3|0x5b0000|0x446000|0x4feed1|0x3af5f0|0xa441f3|0x3af6d8|0xa046d3|0x297|
^addr:0x9e1871,size:2,opcodes:ff e7 
*regs:0x31b3|0x5b0000|0x446000|0x4feed1|0x3af5f0|0xa441f3|0x3af6d8|0xa07886|0x202|
^addr:0xa07886,size:2,opcodes:8b 16 
*regs:0x31b3|0x5b0000|0x446000|0x4feed1|0x3af5f0|0xa441f3|0x3af6d8|0xa07886|0x202|
*mem_addr:0x3af6d8,mem_val:0x3,mem_size:4
^addr:0xa07888,size:4,opcodes:66 0f a3 d8 
*regs:0x31b3|0x5b0000|0x3|0x4feed1|0x3af5f0|0xa441f3|0x3af6d8|0xa07886|0x202|
^addr:0xa0788c,size:5,opcodes:66 0f ba f0 00 
*regs:0x31b3|0x5b0000|0x3|0x4feed1|0x3af5f0|0xa441f3|0x3af6d8|0xa07886|0x203|
^addr:0xa07891,size:2,opcodes:f6 dc 
*regs:0x31b2|0x5b0000|0x3|0x4feed1|0x3af5f0|0xa441f3|0x3af6d8|0xa07886|0x203|
^addr:0xa07893,size:6,opcodes:8d b6 04 00 00 00 
*regs:0xcfb2|0x5b0000|0x3|0x4feed1|0x3af5f0|0xa441f3|0x3af6d8|0xa07886|0x297|
^addr:0xa07899,size:5,opcodes:0f b6 44 25 00 
*regs:0xcfb2|0x5b0000|0x3|0x4feed1|0x3af5f0|0xa441f3|0x3af6dc|0xa07886|0x297|
*mem_addr:0xa441f3,mem_val:0x22,mem_size:1
^addr:0xa0789e,size:6,opcodes:81 c5 01 00 00 00 
*regs:0x22|0x5b0000|0x3|0x4feed1|0x3af5f0|0xa441f3|0x3af6dc|0xa07886|0x297|
^addr:0xa078a4,size:1,opcodes:f5 
*regs:0x22|0x5b0000|0x3|0x4feed1|0x3af5f0|0xa441f4|0x3af6dc|0xa07886|0x202|
^addr:0xa078a5,size:5,opcodes:e9 5d 82 02 00 
*regs:0x22|0x5b0000|0x3|0x4feed1|0x3af5f0|0xa441f4|0x3af6dc|0xa07886|0x203|
^addr:0xa2fb07,size:2,opcodes:32 c3 
*regs:0x22|0x5b0000|0x3|0x4feed1|0x3af5f0|0xa441f4|0x3af6dc|0xa07886|0x203|
^addr:0xa2fb09,size:1,opcodes:f9 
*regs:0xf3|0x5b0000|0x3|0x4feed1|0x3af5f0|0xa441f4|0x3af6dc|0xa07886|0x286|
^addr:0xa2fb0a,size:5,opcodes:e9 eb 94 02 00 
*regs:0xf3|0x5b0000|0x3|0x4feed1|0x3af5f0|0xa441f4|0x3af6dc|0xa07886|0x287|
^addr:0xa58ffa,size:2,opcodes:d0 c0 
*regs:0xf3|0x5b0000|0x3|0x4feed1|0x3af5f0|0xa441f4|0x3af6dc|0xa07886|0x287|
^addr:0xa58ffc,size:2,opcodes:f6 d8 
*regs:0xe7|0x5b0000|0x3|0x4feed1|0x3af5f0|0xa441f4|0x3af6dc|0xa07886|0x287|
^addr:0xa58ffe,size:5,opcodes:e9 18 8e f7 ff 
*regs:0x19|0x5b0000|0x3|0x4feed1|0x3af5f0|0xa441f4|0x3af6dc|0xa07886|0x213|
^addr:0x9d1e1b,size:2,opcodes:f6 d0 
*regs:0x19|0x5b0000|0x3|0x4feed1|0x3af5f0|0xa441f4|0x3af6dc|0xa07886|0x213|
^addr:0x9d1e1d,size:2,opcodes:fe c0 
*regs:0xe6|0x5b0000|0x3|0x4feed1|0x3af5f0|0xa441f4|0x3af6dc|0xa07886|0x213|
^addr:0x9d1e1f,size:5,opcodes:e9 8d 0b 04 00 
*regs:0xe7|0x5b0000|0x3|0x4feed1|0x3af5f0|0xa441f4|0x3af6dc|0xa07886|0x287|
^addr:0xa129b1,size:2,opcodes:f6 d0 
*regs:0xe7|0x5b0000|0x3|0x4feed1|0x3af5f0|0xa441f4|0x3af6dc|0xa07886|0x287|
^addr:0xa129b3,size:1,opcodes:f9 
*regs:0x18|0x5b0000|0x3|0x4feed1|0x3af5f0|0xa441f4|0x3af6dc|0xa07886|0x287|
^addr:0xa129b4,size:2,opcodes:32 d8 
*regs:0x18|0x5b0000|0x3|0x4feed1|0x3af5f0|0xa441f4|0x3af6dc|0xa07886|0x287|
^addr:0xa129b6,size:3,opcodes:89 14 04 
*regs:0x18|0x5b0000|0x3|0x4feec9|0x3af5f0|0xa441f4|0x3af6dc|0xa07886|0x286|
^addr:0xa129b9,size:3,opcodes:c0 fc 50 
*regs:0x18|0x5b0000|0x3|0x4feec9|0x3af5f0|0xa441f4|0x3af6dc|0xa07886|0x286|
^addr:0xa129bc,size:2,opcodes:13 c7 
*regs:0x18|0x5b0000|0x3|0x4feec9|0x3af5f0|0xa441f4|0x3af6dc|0xa07886|0x246|
^addr:0xa129be,size:1,opcodes:f5 
*regs:0xa0789e|0x5b0000|0x3|0x4feec9|0x3af5f0|0xa441f4|0x3af6dc|0xa07886|0x202|
^addr:0xa129bf,size:4,opcodes:8b 44 25 00 
*regs:0xa0789e|0x5b0000|0x3|0x4feec9|0x3af5f0|0xa441f4|0x3af6dc|0xa07886|0x203|
*mem_addr:0xa441f4,mem_val:0xb156b8fc,mem_size:4
^addr:0xa129c3,size:3,opcodes:66 85 d5 
*regs:0xb156b8fc|0x5b0000|0x3|0x4feec9|0x3af5f0|0xa441f4|0x3af6dc|0xa07886|0x203|
^addr:0xa129c6,size:1,opcodes:f8 
*regs:0xb156b8fc|0x5b0000|0x3|0x4feec9|0x3af5f0|0xa441f4|0x3af6dc|0xa07886|0x246|
^addr:0xa129c7,size:6,opcodes:81 c5 04 00 00 00 
*regs:0xb156b8fc|0x5b0000|0x3|0x4feec9|0x3af5f0|0xa441f4|0x3af6dc|0xa07886|0x246|
^addr:0xa129cd,size:5,opcodes:e9 ce 12 00 00 
*regs:0xb156b8fc|0x5b0000|0x3|0x4feec9|0x3af5f0|0xa441f8|0x3af6dc|0xa07886|0x202|
^addr:0xa13ca0,size:2,opcodes:33 c3 
*regs:0xb156b8fc|0x5b0000|0x3|0x4feec9|0x3af5f0|0xa441f8|0x3af6dc|0xa07886|0x202|
^addr:0xa13ca2,size:2,opcodes:f7 d8 
*regs:0xb1195635|0x5b0000|0x3|0x4feec9|0x3af5f0|0xa441f8|0x3af6dc|0xa07886|0x286|
^addr:0xa13ca4,size:5,opcodes:66 81 ff c5 4e 
*regs:0x4ee6a9cb|0x5b0000|0x3|0x4feec9|0x3af5f0|0xa441f8|0x3af6dc|0xa07886|0x213|
^addr:0xa13ca9,size:6,opcodes:8d 80 fd 1c 2d 0d 
*regs:0x4ee6a9cb|0x5b0000|0x3|0x4feec9|0x3af5f0|0xa441f8|0x3af6dc|0xa07886|0x202|
^addr:0xa13caf,size:2,opcodes:3b fc 
*regs:0x5c13c6c8|0x5b0000|0x3|0x4feec9|0x3af5f0|0xa441f8|0x3af6dc|0xa07886|0x202|
^addr:0xa13cb1,size:6,opcodes:81 f9 5d 30 18 65 
*regs:0x5c13c6c8|0x5b0000|0x3|0x4feec9|0x3af5f0|0xa441f8|0x3af6dc|0xa07886|0x206|
^addr:0xa13cb7,size:1,opcodes:f5 
*regs:0x5c13c6c8|0x5b0000|0x3|0x4feec9|0x3af5f0|0xa441f8|0x3af6dc|0xa07886|0x297|
^addr:0xa13cb8,size:2,opcodes:f7 d0 
*regs:0x5c13c6c8|0x5b0000|0x3|0x4feec9|0x3af5f0|0xa441f8|0x3af6dc|0xa07886|0x296|
^addr:0xa13cba,size:1,opcodes:f8 
*regs:0xa3ec3937|0x5b0000|0x3|0x4feec9|0x3af5f0|0xa441f8|0x3af6dc|0xa07886|0x296|
^addr:0xa13cbb,size:6,opcodes:81 fd 0c 64 83 14 
*regs:0xa3ec3937|0x5b0000|0x3|0x4feec9|0x3af5f0|0xa441f8|0x3af6dc|0xa07886|0x296|
^addr:0xa13cc1,size:6,opcodes:8d 80 55 4e 12 5c 
*regs:0xa3ec3937|0x5b0000|0x3|0x4feec9|0x3af5f0|0xa441f8|0x3af6dc|0xa07886|0x293|
^addr:0xa13cc7,size:6,opcodes:f7 c1 c2 52 d3 5c 
*regs:0xfffe878c|0x5b0000|0x3|0x4feec9|0x3af5f0|0xa441f8|0x3af6dc|0xa07886|0x293|
^addr:0xa13ccd,size:2,opcodes:84 c4 
*regs:0xfffe878c|0x5b0000|0x3|0x4feec9|0x3af5f0|0xa441f8|0x3af6dc|0xa07886|0x206|
^addr:0xa13ccf,size:2,opcodes:f7 d8 
*regs:0xfffe878c|0x5b0000|0x3|0x4feec9|0x3af5f0|0xa441f8|0x3af6dc|0xa07886|0x286|
^addr:0xa13cd1,size:5,opcodes:66 81 fd fd 79 
*regs:0x17874|0x5b0000|0x3|0x4feec9|0x3af5f0|0xa441f8|0x3af6dc|0xa07886|0x217|
^addr:0xa13cd6,size:5,opcodes:e9 f1 92 fd ff 
*regs:0x17874|0x5b0000|0x3|0x4feec9|0x3af5f0|0xa441f8|0x3af6dc|0xa07886|0x293|
^addr:0x9ecfcc,size:2,opcodes:33 d8 
*regs:0x17874|0x5b0000|0x3|0x4feec9|0x3af5f0|0xa441f8|0x3af6dc|0xa07886|0x293|
^addr:0x9ecfce,size:2,opcodes:85 d2 
*regs:0x17874|0x5b0000|0x3|0x4e96bd|0x3af5f0|0xa441f8|0x3af6dc|0xa07886|0x206|
^addr:0x9ecfd0,size:2,opcodes:03 f8 
*regs:0x17874|0x5b0000|0x3|0x4e96bd|0x3af5f0|0xa441f8|0x3af6dc|0xa07886|0x206|
^addr:0x9ecfd2,size:5,opcodes:e9 d4 da fe ff 
*regs:0x17874|0x5b0000|0x3|0x4e96bd|0x3af5f0|0xa441f8|0x3af6dc|0xa1f0fa|0x206|
^addr:0x9daaab,size:1,opcodes:57 
*regs:0x17874|0x5b0000|0x3|0x4e96bd|0x3af5f0|0xa441f8|0x3af6dc|0xa1f0fa|0x206|
^addr:0x9daaac,size:1,opcodes:c3 
*regs:0x17874|0x5b0000|0x3|0x4e96bd|0x3af5ec|0xa441f8|0x3af6dc|0xa1f0fa|0x206|
*mem_addr:0x3af5ec,mem_val:0xa1f0fa,mem_size:4
^addr:0xa1f0fa,size:4,opcodes:8b 54 25 00 
*regs:0x17874|0x5b0000|0x3|0x4e96bd|0x3af5f0|0xa441f8|0x3af6dc|0xa1f0fa|0x206|
*mem_addr:0xa441f8,mem_val:0xf3cd2877,mem_size:4
^addr:0xa1f0fe,size:3,opcodes:66 85 e1 
*regs:0x17874|0x5b0000|0xf3cd2877|0x4e96bd|0x3af5f0|0xa441f8|0x3af6dc|0xa1f0fa|0x206|
^addr:0xa1f101,size:6,opcodes:81 c5 04 00 00 00 
*regs:0x17874|0x5b0000|0xf3cd2877|0x4e96bd|0x3af5f0|0xa441f8|0x3af6dc|0xa1f0fa|0x246|
^addr:0xa1f107,size:2,opcodes:33 d3 
*regs:0x17874|0x5b0000|0xf3cd2877|0x4e96bd|0x3af5f0|0xa441fc|0x3af6dc|0xa1f0fa|0x206|
^addr:0xa1f109,size:1,opcodes:f9 
*regs:0x17874|0x5b0000|0xf383beca|0x4e96bd|0x3af5f0|0xa441fc|0x3af6dc|0xa1f0fa|0x286|
^addr:0xa1f10a,size:1,opcodes:f8 
*regs:0x17874|0x5b0000|0xf383beca|0x4e96bd|0x3af5f0|0xa441fc|0x3af6dc|0xa1f0fa|0x287|
^addr:0xa1f10b,size:2,opcodes:d1 ca 
*regs:0x17874|0x5b0000|0xf383beca|0x4e96bd|0x3af5f0|0xa441fc|0x3af6dc|0xa1f0fa|0x286|
^addr:0xa1f10d,size:1,opcodes:f9 
*regs:0x17874|0x5b0000|0x79c1df65|0x4e96bd|0x3af5f0|0xa441fc|0x3af6dc|0xa1f0fa|0xa86|
^addr:0xa1f10e,size:5,opcodes:66 f7 c7 9b 08 
*regs:0x17874|0x5b0000|0x79c1df65|0x4e96bd|0x3af5f0|0xa441fc|0x3af6dc|0xa1f0fa|0xa87|
^addr:0xa1f113,size:5,opcodes:e9 a9 01 fc ff 
*regs:0x17874|0x5b0000|0x79c1df65|0x4e96bd|0x3af5f0|0xa441fc|0x3af6dc|0xa1f0fa|0x206|
^addr:0x9df2c1,size:6,opcodes:81 f2 36 4d e5 79 
*regs:0x17874|0x5b0000|0x79c1df65|0x4e96bd|0x3af5f0|0xa441fc|0x3af6dc|0xa1f0fa|0x206|
^addr:0x9df2c7,size:1,opcodes:f8 
*regs:0x17874|0x5b0000|0x249253|0x4e96bd|0x3af5f0|0xa441fc|0x3af6dc|0xa1f0fa|0x206|
^addr:0x9df2c8,size:5,opcodes:a9 17 25 e4 6a 
*regs:0x17874|0x5b0000|0x249253|0x4e96bd|0x3af5f0|0xa441fc|0x3af6dc|0xa1f0fa|0x206|
^addr:0x9df2cd,size:1,opcodes:f5 
*regs:0x17874|0x5b0000|0x249253|0x4e96bd|0x3af5f0|0xa441fc|0x3af6dc|0xa1f0fa|0x206|
^addr:0x9df2ce,size:2,opcodes:f7 da 
*regs:0x17874|0x5b0000|0x249253|0x4e96bd|0x3af5f0|0xa441fc|0x3af6dc|0xa1f0fa|0x207|
^addr:0x9df2d0,size:1,opcodes:f8 
*regs:0x17874|0x5b0000|0xffdb6dad|0x4e96bd|0x3af5f0|0xa441fc|0x3af6dc|0xa1f0fa|0x293|
^addr:0x9df2d1,size:5,opcodes:e9 fc 10 02 00 
*regs:0x17874|0x5b0000|0xffdb6dad|0x4e96bd|0x3af5f0|0xa441fc|0x3af6dc|0xa1f0fa|0x292|
^addr:0xa003d2,size:2,opcodes:d1 c2 
*regs:0x17874|0x5b0000|0xffdb6dad|0x4e96bd|0x3af5f0|0xa441fc|0x3af6dc|0xa1f0fa|0x292|
^addr:0xa003d4,size:5,opcodes:e9 94 80 00 00 
*regs:0x17874|0x5b0000|0xffb6db5b|0x4e96bd|0x3af5f0|0xa441fc|0x3af6dc|0xa1f0fa|0x293|
^addr:0xa0846d,size:1,opcodes:42 
*regs:0x17874|0x5b0000|0xffb6db5b|0x4e96bd|0x3af5f0|0xa441fc|0x3af6dc|0xa1f0fa|0x293|
^addr:0xa0846e,size:2,opcodes:f7 d2 
*regs:0x17874|0x5b0000|0xffb6db5c|0x4e96bd|0x3af5f0|0xa441fc|0x3af6dc|0xa1f0fa|0x287|
^addr:0xa08470,size:1,opcodes:f5 
*regs:0x17874|0x5b0000|0x4924a3|0x4e96bd|0x3af5f0|0xa441fc|0x3af6dc|0xa1f0fa|0x287|
^addr:0xa08471,size:2,opcodes:33 da 
*regs:0x17874|0x5b0000|0x4924a3|0x4e96bd|0x3af5f0|0xa441fc|0x3af6dc|0xa1f0fa|0x286|
^addr:0xa08473,size:6,opcodes:81 ee 04 00 00 00 
*regs:0x17874|0x5b0000|0x4924a3|0x7b21e|0x3af5f0|0xa441fc|0x3af6dc|0xa1f0fa|0x206|
^addr:0xa08479,size:2,opcodes:85 cf 
*regs:0x17874|0x5b0000|0x4924a3|0x7b21e|0x3af5f0|0xa441fc|0x3af6d8|0xa1f0fa|0x206|
^addr:0xa0847b,size:1,opcodes:f9 
*regs:0x17874|0x5b0000|0x4924a3|0x7b21e|0x3af5f0|0xa441fc|0x3af6d8|0xa1f0fa|0x206|
^addr:0xa0847c,size:2,opcodes:89 16 
*regs:0x17874|0x5b0000|0x4924a3|0x7b21e|0x3af5f0|0xa441fc|0x3af6d8|0xa1f0fa|0x207|
^addr:0xa0847e,size:6,opcodes:81 fd 93 02 21 31 
*regs:0x17874|0x5b0000|0x4924a3|0x7b21e|0x3af5f0|0xa441fc|0x3af6d8|0xa1f0fa|0x207|
^addr:0xa08484,size:4,opcodes:8b 54 25 00 
*regs:0x17874|0x5b0000|0x4924a3|0x7b21e|0x3af5f0|0xa441fc|0x3af6d8|0xa1f0fa|0x287|
*mem_addr:0xa441fc,mem_val:0x2d008c78,mem_size:4
^addr:0xa08488,size:1,opcodes:f5 
*regs:0x17874|0x5b0000|0x2d008c78|0x7b21e|0x3af5f0|0xa441fc|0x3af6d8|0xa1f0fa|0x287|
^addr:0xa08489,size:6,opcodes:81 c5 04 00 00 00 
*regs:0x17874|0x5b0000|0x2d008c78|0x7b21e|0x3af5f0|0xa441fc|0x3af6d8|0xa1f0fa|0x286|
^addr:0xa0848f,size:6,opcodes:81 fe f5 08 45 62 
*regs:0x17874|0x5b0000|0x2d008c78|0x7b21e|0x3af5f0|0xa44200|0x3af6d8|0xa1f0fa|0x216|
^addr:0xa08495,size:2,opcodes:33 d3 
*regs:0x17874|0x5b0000|0x2d008c78|0x7b21e|0x3af5f0|0xa44200|0x3af6d8|0xa1f0fa|0x283|
^addr:0xa08497,size:5,opcodes:e9 c2 d5 04 00 
*regs:0x17874|0x5b0000|0x2d073e66|0x7b21e|0x3af5f0|0xa44200|0x3af6d8|0xa1f0fa|0x206|
^addr:0xa55a5e,size:3,opcodes:c1 ca 02 
*regs:0x17874|0x5b0000|0x2d073e66|0x7b21e|0x3af5f0|0xa44200|0x3af6d8|0xa1f0fa|0x206|
^addr:0xa55a61,size:5,opcodes:e9 87 89 fb ff 
*regs:0x17874|0x5b0000|0x8b41cf99|0x7b21e|0x3af5f0|0xa44200|0x3af6d8|0xa1f0fa|0x207|
^addr:0xa0e3ed,size:1,opcodes:4a 
*regs:0x17874|0x5b0000|0x8b41cf99|0x7b21e|0x3af5f0|0xa44200|0x3af6d8|0xa1f0fa|0x207|
^addr:0xa0e3ee,size:1,opcodes:f8 
*regs:0x17874|0x5b0000|0x8b41cf98|0x7b21e|0x3af5f0|0xa44200|0x3af6d8|0xa1f0fa|0x283|
^addr:0xa0e3ef,size:5,opcodes:e9 d6 d5 01 00 
*regs:0x17874|0x5b0000|0x8b41cf98|0x7b21e|0x3af5f0|0xa44200|0x3af6d8|0xa1f0fa|0x282|
^addr:0xa2b9ca,size:3,opcodes:c1 ca 03 
*regs:0x17874|0x5b0000|0x8b41cf98|0x7b21e|0x3af5f0|0xa44200|0x3af6d8|0xa1f0fa|0x282|
^addr:0xa2b9cd,size:6,opcodes:f7 c7 fa 42 2e 1a 
*regs:0x17874|0x5b0000|0x116839f3|0x7b21e|0x3af5f0|0xa44200|0x3af6d8|0xa1f0fa|0x282|
^addr:0xa2b9d3,size:2,opcodes:f7 da 
*regs:0x17874|0x5b0000|0x116839f3|0x7b21e|0x3af5f0|0xa44200|0x3af6d8|0xa1f0fa|0x206|
^addr:0xa2b9d5,size:6,opcodes:81 f9 30 75 c2 6e 
*regs:0x17874|0x5b0000|0xee97c60d|0x7b21e|0x3af5f0|0xa44200|0x3af6d8|0xa1f0fa|0x293|
^addr:0xa2b9db,size:3,opcodes:66 85 ee 
*regs:0x17874|0x5b0000|0xee97c60d|0x7b21e|0x3af5f0|0xa44200|0x3af6d8|0xa1f0fa|0x283|
^addr:0xa2b9de,size:6,opcodes:81 c2 85 18 6d 11 
*regs:0x17874|0x5b0000|0xee97c60d|0x7b21e|0x3af5f0|0xa44200|0x3af6d8|0xa1f0fa|0x206|
^addr:0xa2b9e4,size:1,opcodes:f9 
*regs:0x17874|0x5b0000|0x4de92|0x7b21e|0x3af5f0|0xa44200|0x3af6d8|0xa1f0fa|0x213|
^addr:0xa2b9e5,size:1,opcodes:f5 
*regs:0x17874|0x5b0000|0x4de92|0x7b21e|0x3af5f0|0xa44200|0x3af6d8|0xa1f0fa|0x213|
^addr:0xa2b9e6,size:2,opcodes:d1 ca 
*regs:0x17874|0x5b0000|0x4de92|0x7b21e|0x3af5f0|0xa44200|0x3af6d8|0xa1f0fa|0x212|
^addr:0xa2b9e8,size:1,opcodes:f9 
*regs:0x17874|0x5b0000|0x26f49|0x7b21e|0x3af5f0|0xa44200|0x3af6d8|0xa1f0fa|0x212|
^addr:0xa2b9e9,size:6,opcodes:f7 c5 9e 2c 0f 2f 
*regs:0x17874|0x5b0000|0x26f49|0x7b21e|0x3af5f0|0xa44200|0x3af6d8|0xa1f0fa|0x213|
^addr:0xa2b9ef,size:2,opcodes:33 da 
*regs:0x17874|0x5b0000|0x26f49|0x7b21e|0x3af5f0|0xa44200|0x3af6d8|0xa1f0fa|0x206|
^addr:0xa2b9f1,size:2,opcodes:03 fa 
*regs:0x17874|0x5b0000|0x26f49|0x5dd57|0x3af5f0|0xa44200|0x3af6d8|0xa1f0fa|0x202|
^addr:0xa2b9f3,size:5,opcodes:e9 ec 69 fa ff 
*regs:0x17874|0x5b0000|0x26f49|0x5dd57|0x3af5f0|0xa44200|0x3af6d8|0xa46043|0x212|
^addr:0x9d23e4,size:5,opcodes:e9 9d fc 02 00 
*regs:0x17874|0x5b0000|0x26f49|0x5dd57|0x3af5f0|0xa44200|0x3af6d8|0xa46043|0x212|
^addr:0xa27864,size:2,opcodes:f6 d0 
*regs:0x1d|0xfffee5f3|0x206|0x6e0b8|0x3af5f0|0xa4420a|0x3af6d8|0xa11e5a|0x217|
^addr:0xa27866,size:5,opcodes:e9 39 a3 fd ff 
*regs:0xe2|0xfffee5f3|0x206|0x6e0b8|0x3af5f0|0xa4420a|0x3af6d8|0xa11e5a|0x217|
^addr:0xa01ba4,size:2,opcodes:fe c0 
*regs:0xe2|0xfffee5f3|0x206|0x6e0b8|0x3af5f0|0xa4420a|0x3af6d8|0xa11e5a|0x217|
^addr:0xa01ba6,size:5,opcodes:e9 2d f6 00 00 
*regs:0xe3|0xfffee5f3|0x206|0x6e0b8|0x3af5f0|0xa4420a|0x3af6d8|0xa11e5a|0x283|
^addr:0xa111d8,size:2,opcodes:f6 d0 
*regs:0xe3|0xfffee5f3|0x206|0x6e0b8|0x3af5f0|0xa4420a|0x3af6d8|0xa11e5a|0x283|
^addr:0xa111da,size:2,opcodes:32 d8 
*regs:0x1c|0xfffee5f3|0x206|0x6e0b8|0x3af5f0|0xa4420a|0x3af6d8|0xa11e5a|0x283|
^addr:0xa111dc,size:1,opcodes:f9 
*regs:0x1c|0xfffee5f3|0x206|0x6e0a4|0x3af5f0|0xa4420a|0x3af6d8|0xa11e5a|0x282|
^addr:0xa111dd,size:6,opcodes:81 fd a9 51 b8 7c 
*regs:0x1c|0xfffee5f3|0x206|0x6e0a4|0x3af5f0|0xa4420a|0x3af6d8|0xa11e5a|0x283|
^addr:0xa111e3,size:5,opcodes:66 f7 c7 63 08 
*regs:0x1c|0xfffee5f3|0x206|0x6e0a4|0x3af5f0|0xa4420a|0x3af6d8|0xa11e5a|0x283|
^addr:0xa111e8,size:3,opcodes:89 14 04 
*regs:0x1c|0xfffee5f3|0x206|0x6e0a4|0x3af5f0|0xa4420a|0x3af6d8|0xa11e5a|0x206|
^addr:0xa111eb,size:1,opcodes:f5 
*regs:0x1c|0xfffee5f3|0x206|0x6e0a4|0x3af5f0|0xa4420a|0x3af6d8|0xa11e5a|0x206|
^addr:0xa111ec,size:4,opcodes:66 0f 43 c1 
*regs:0x1c|0xfffee5f3|0x206|0x6e0a4|0x3af5f0|0xa4420a|0x3af6d8|0xa11e5a|0x207|
^addr:0xa111f0,size:4,opcodes:8b 44 25 00 
*regs:0x1c|0xfffee5f3|0x206|0x6e0a4|0x3af5f0|0xa4420a|0x3af6d8|0xa11e5a|0x207|
*mem_addr:0xa4420a,mem_val:0xb11c0f5c,mem_size:4
^addr:0xa111f4,size:2,opcodes:84 d6 
*regs:0xb11c0f5c|0xfffee5f3|0x206|0x6e0a4|0x3af5f0|0xa4420a|0x3af6d8|0xa11e5a|0x207|
^addr:0xa111f6,size:2,opcodes:3a da 
*regs:0xb11c0f5c|0xfffee5f3|0x206|0x6e0a4|0x3af5f0|0xa4420a|0x3af6d8|0xa11e5a|0x202|
^addr:0xa111f8,size:6,opcodes:8d ad 04 00 00 00 
*regs:0xb11c0f5c|0xfffee5f3|0x206|0x6e0a4|0x3af5f0|0xa4420a|0x3af6d8|0xa11e5a|0x292|
^addr:0xa111fe,size:2,opcodes:33 c3 
*regs:0xb11c0f5c|0xfffee5f3|0x206|0x6e0a4|0x3af5f0|0xa4420e|0x3af6d8|0xa11e5a|0x292|
^addr:0xa11200,size:2,opcodes:85 ed 
*regs:0xb11aeff8|0xfffee5f3|0x206|0x6e0a4|0x3af5f0|0xa4420e|0x3af6d8|0xa11e5a|0x282|
^addr:0xa11202,size:5,opcodes:66 81 fb a7 3e 
*regs:0xb11aeff8|0xfffee5f3|0x206|0x6e0a4|0x3af5f0|0xa4420e|0x3af6d8|0xa11e5a|0x202|
^addr:0xa11207,size:2,opcodes:f7 d8 
*regs:0xb11aeff8|0xfffee5f3|0x206|0x6e0a4|0x3af5f0|0xa4420e|0x3af6d8|0xa11e5a|0x292|
^addr:0xa11209,size:5,opcodes:05 fd 1c 2d 0d 
*regs:0x4ee51008|0xfffee5f3|0x206|0x6e0a4|0x3af5f0|0xa4420e|0x3af6d8|0xa11e5a|0x213|
^addr:0xa1120e,size:5,opcodes:e9 b6 50 ff ff 
*regs:0x5c122d05|0xfffee5f3|0x206|0x6e0a4|0x3af5f0|0xa4420e|0x3af6d8|0xa11e5a|0x216|
^addr:0xa062c9,size:2,opcodes:f7 d0 
*regs:0x5c122d05|0xfffee5f3|0x206|0x6e0a4|0x3af5f0|0xa4420e|0x3af6d8|0xa11e5a|0x216|
^addr:0xa062cb,size:1,opcodes:f8 
*regs:0xa3edd2fa|0xfffee5f3|0x206|0x6e0a4|0x3af5f0|0xa4420e|0x3af6d8|0xa11e5a|0x216|
^addr:0xa062cc,size:1,opcodes:f9 
*regs:0xa3edd2fa|0xfffee5f3|0x206|0x6e0a4|0x3af5f0|0xa4420e|0x3af6d8|0xa11e5a|0x216|
^addr:0xa062cd,size:6,opcodes:8d 80 55 4e 12 5c 
*regs:0xa3edd2fa|0xfffee5f3|0x206|0x6e0a4|0x3af5f0|0xa4420e|0x3af6d8|0xa11e5a|0x217|
^addr:0xa062d3,size:2,opcodes:f7 d8 
*regs:0x214f|0xfffee5f3|0x206|0x6e0a4|0x3af5f0|0xa4420e|0x3af6d8|0xa11e5a|0x217|
^addr:0xa062d5,size:3,opcodes:f6 c3 9f 
*regs:0xffffdeb1|0xfffee5f3|0x206|0x6e0a4|0x3af5f0|0xa4420e|0x3af6d8|0xa11e5a|0x297|
^addr:0xa062d8,size:1,opcodes:f5 
*regs:0xffffdeb1|0xfffee5f3|0x206|0x6e0a4|0x3af5f0|0xa4420e|0x3af6d8|0xa11e5a|0x286|
^addr:0xa062d9,size:2,opcodes:33 d8 
*regs:0xffffdeb1|0xfffee5f3|0x206|0x6e0a4|0x3af5f0|0xa4420e|0x3af6d8|0xa11e5a|0x287|
^addr:0xa062db,size:5,opcodes:e9 15 c7 fd ff 
*regs:0xffffdeb1|0xfffee5f3|0x206|0xfff93e15|0x3af5f0|0xa4420e|0x3af6d8|0xa11e5a|0x282|
^addr:0x9e29f5,size:2,opcodes:03 f8 
*regs:0xffffdeb1|0xfffee5f3|0x206|0xfff93e15|0x3af5f0|0xa4420e|0x3af6d8|0xa11e5a|0x282|
^addr:0x9e29f7,size:5,opcodes:e9 16 2b 01 00 
*regs:0xffffdeb1|0xfffee5f3|0x206|0xfff93e15|0x3af5f0|0xa4420e|0x3af6d8|0xa0fd0b|0x203|
^addr:0x9f5512,size:2,opcodes:ff e7 
*regs:0xffffdeb1|0xfffee5f3|0x206|0xfff93e15|0x3af5f0|0xa4420e|0x3af6d8|0xa0fd0b|0x203|
^addr:0xa14ba2,size:2,opcodes:f6 d0 
*regs:0x19|0x5d48|0x206|0x4467f9|0x3af5f0|0xa44220|0x3af6d4|0x9f02b7|0x213|
^addr:0xa14ba4,size:5,opcodes:e9 0a 78 00 00 
*regs:0xe6|0x5d48|0x206|0x4467f9|0x3af5f0|0xa44220|0x3af6d4|0x9f02b7|0x213|
^addr:0xa1c3b3,size:2,opcodes:fe c0 
*regs:0xe6|0x5d48|0x206|0x4467f9|0x3af5f0|0xa44220|0x3af6d4|0x9f02b7|0x213|
^addr:0xa1c3b5,size:2,opcodes:f6 d0 
*regs:0xe7|0x5d48|0x206|0x4467f9|0x3af5f0|0xa44220|0x3af6d4|0x9f02b7|0x287|
^addr:0xa1c3b7,size:1,opcodes:f5 
*regs:0x18|0x5d48|0x206|0x4467f9|0x3af5f0|0xa44220|0x3af6d4|0x9f02b7|0x287|
^addr:0xa1c3b8,size:2,opcodes:32 d8 
*regs:0x18|0x5d48|0x206|0x4467f9|0x3af5f0|0xa44220|0x3af6d4|0x9f02b7|0x286|
^addr:0xa1c3ba,size:3,opcodes:89 14 04 
*regs:0x18|0x5d48|0x206|0x4467e1|0x3af5f0|0xa44220|0x3af6d4|0x9f02b7|0x286|
^addr:0xa1c3bd,size:1,opcodes:9f 
*regs:0x18|0x5d48|0x206|0x4467e1|0x3af5f0|0xa44220|0x3af6d4|0x9f02b7|0x286|
^addr:0xa1c3be,size:3,opcodes:66 1b c2 
*regs:0x8618|0x5d48|0x206|0x4467e1|0x3af5f0|0xa44220|0x3af6d4|0x9f02b7|0x286|
^addr:0xa1c3c1,size:4,opcodes:8b 44 25 00 
*regs:0x8412|0x5d48|0x206|0x4467e1|0x3af5f0|0xa44220|0x3af6d4|0x9f02b7|0x286|
*mem_addr:0xa44220,mem_val:0xb15cdb32,mem_size:4
^addr:0xa1c3c5,size:1,opcodes:f8 
*regs:0xb15cdb32|0x5d48|0x206|0x4467e1|0x3af5f0|0xa44220|0x3af6d4|0x9f02b7|0x286|
^addr:0xa1c3c6,size:6,opcodes:8d ad 04 00 00 00 
*regs:0xb15cdb32|0x5d48|0x206|0x4467e1|0x3af5f0|0xa44220|0x3af6d4|0x9f02b7|0x286|
^addr:0xa1c3cc,size:2,opcodes:33 c3 
*regs:0xb15cdb32|0x5d48|0x206|0x4467e1|0x3af5f0|0xa44224|0x3af6d4|0x9f02b7|0x286|
^addr:0xa1c3ce,size:2,opcodes:3b db 
*regs:0xb118bcd3|0x5d48|0x206|0x4467e1|0x3af5f0|0xa44224|0x3af6d4|0x9f02b7|0x282|
^addr:0xa1c3d0,size:5,opcodes:66 81 fc 6c 5f 
*regs:0xb118bcd3|0x5d48|0x206|0x4467e1|0x3af5f0|0xa44224|0x3af6d4|0x9f02b7|0x246|
^addr:0xa1c3d5,size:2,opcodes:f7 d8 
*regs:0xb118bcd3|0x5d48|0x206|0x4467e1|0x3af5f0|0xa44224|0x3af6d4|0x9f02b7|0x296|
^addr:0xa1c3d7,size:6,opcodes:f7 c6 66 47 ab 45 
*regs:0x4ee7432d|0x5d48|0x206|0x4467e1|0x3af5f0|0xa44224|0x3af6d4|0x9f02b7|0x217|
^addr:0xa1c3dd,size:2,opcodes:3b ce 
*regs:0x4ee7432d|0x5d48|0x206|0x4467e1|0x3af5f0|0xa44224|0x3af6d4|0x9f02b7|0x206|
^addr:0xa1c3df,size:5,opcodes:05 fd 1c 2d 0d 
*regs:0x4ee7432d|0x5d48|0x206|0x4467e1|0x3af5f0|0xa44224|0x3af6d4|0x9f02b7|0x287|
^addr:0xa1c3e4,size:2,opcodes:f7 d0 
*regs:0x5c14602a|0x5d48|0x206|0x4467e1|0x3af5f0|0xa44224|0x3af6d4|0x9f02b7|0x212|
^addr:0xa1c3e6,size:6,opcodes:8d 80 55 4e 12 5c 
*regs:0xa3eb9fd5|0x5d48|0x206|0x4467e1|0x3af5f0|0xa44224|0x3af6d4|0x9f02b7|0x212|
^addr:0xa1c3ec,size:5,opcodes:e9 a6 10 02 00 
*regs:0xfffdee2a|0x5d48|0x206|0x4467e1|0x3af5f0|0xa44224|0x3af6d4|0x9f02b7|0x212|
^addr:0xa3d497,size:2,opcodes:f7 d8 
*regs:0xfffdee2a|0x5d48|0x206|0x4467e1|0x3af5f0|0xa44224|0x3af6d4|0x9f02b7|0x212|
^addr:0xa3d499,size:3,opcodes:80 ff 74 
*regs:0x211d6|0x5d48|0x206|0x4467e1|0x3af5f0|0xa44224|0x3af6d4|0x9f02b7|0x213|
^addr:0xa3d49c,size:2,opcodes:33 d8 
*regs:0x211d6|0x5d48|0x206|0x4467e1|0x3af5f0|0xa44224|0x3af6d4|0x9f02b7|0x287|
^addr:0xa3d49e,size:2,opcodes:03 f8 
*regs:0x211d6|0x5d48|0x206|0x467637|0x3af5f0|0xa44224|0x3af6d4|0x9f02b7|0x202|
^addr:0xa3d4a0,size:5,opcodes:e9 ef 64 00 00 
*regs:0x211d6|0x5d48|0x206|0x467637|0x3af5f0|0xa44224|0x3af6d4|0xa1148d|0x206|
^addr:0xa43994,size:2,opcodes:ff e7 
*regs:0x211d6|0x5d48|0x206|0x467637|0x3af5f0|0xa44224|0x3af6d4|0xa1148d|0x206|
